2021-08-04 00:00:00	3630	4	0	0	30	975	0	0	0	
2021-08-04 00:00:00	3630	4	0	0	41	975	0	0	0	
2021-08-04 00:00:00	3630	4	0	0	30	975	0	0	0	
2021-08-04 00:01:00	3630	4	0	0	30	975	0	0	0	
2021-08-04 00:01:00	3630	4	0	0	41	975	0	0	0	
2021-08-04 00:01:00	3630	4	0	0	30	975	0	0	0	
2021-08-04 00:02:00	3630	4	0	0	41	975	0	0	0	
2021-08-04 00:02:00	3630	4	0	0	30	975	0	0	0	
2021-08-04 00:02:00	3630	4	0	0	30	975	0	0	0	
2021-08-04 00:03:00	3630	4	0	0	30	975	0	0	0	
2021-08-04 00:03:00	3630	4	0	0	41	975	0	0	0	
2021-08-04 00:03:00	3630	4	0	0	41	975	0	0	0	
2021-08-04 00:04:00	3630	4	0	0	30	975	0	0	0	
2021-08-04 00:04:00	3630	4	0	0	30	975	0	0	0	
2021-08-04 00:04:00	3630	4	0	0	30	975	0	0	0	
2021-08-04 00:05:00	3630	4	0	0	30	975	0	0	0	
2021-08-04 00:05:00	3630	4	0	0	41	975	0	0	0	
2021-08-04 00:05:00	3630	4	0	0	41	975	0	0	0	
2021-08-04 00:06:00	3630	4	0	0	0	975	0	0	0	
2021-08-04 00:06:00	3630	4	0	0	0	975	0	0	0	
2021-08-04 00:06:00	3630	4	0	0	0	975	0	0	0	
2021-08-04 00:07:00	3630	4	0	0	0	975	0	0	0	
2021-08-04 00:07:00	3630	4	0	0	0	975	0	0	0	
2021-08-04 00:07:00	3630	4	0	0	0	975	0	0	0	
2021-08-04 00:08:00	3630	4	0	0	0	975	0	0	0	
2021-08-04 00:08:00	3630	4	0	0	0	975	0	0	0	
2021-08-04 00:08:00	3630	4	0	0	0	975	0	0	0	
2021-08-04 00:09:00	3630	4	0	0	10	975	0	0	0	
2021-08-04 00:09:00	3630	4	0	0	0	975	0	0	0	
2021-08-04 00:09:00	3630	4	0	0	0	975	0	0	0	
2021-08-04 00:10:00	3630	4	0	0	30	975	0	0	0	
2021-08-04 00:10:00	3630	4	0	0	30	975	0	0	0	
2021-08-04 00:10:00	3630	4	0	0	30	975	0	0	0	
2021-08-04 00:11:00	3630	4	0	0	30	975	0	0	0	
2021-08-04 00:11:00	3630	4	0	0	30	975	0	0	0	
2021-08-04 00:11:00	3630	4	0	0	30	975	0	0	0	
2021-08-04 00:12:00	3630	4	0	0	30	975	0	0	0	
2021-08-04 00:12:00	3630	4	0	0	30	975	0	0	0	
2021-08-04 00:12:00	3630	4	0	0	30	975	0	0	0	
2021-08-04 00:13:00	3630	4	0	0	30	975	0	0	0	
2021-08-04 00:13:00	3630	4	0	0	30	975	0	0	0	
2021-08-04 00:13:00	3630	4	0	0	30	975	0	0	0	
2021-08-04 00:14:00	3630	4	0	0	51	975	0	0	0	
2021-08-04 00:14:00	3630	4	0	0	41	975	0	0	0	
2021-08-04 00:14:00	3630	4	0	0	41	975	0	0	0	
2021-08-04 00:15:00	3630	4	0	0	30	975	0	0	0	
2021-08-04 00:15:00	3630	4	0	0	30	975	0	0	0	
2021-08-04 00:15:00	3630	4	0	0	30	975	0	0	0	
2021-08-04 00:16:00	3630	4	0	0	30	975	0	0	0	
2021-08-04 00:16:00	3630	4	0	0	30	975	0	0	0	
2021-08-04 00:16:00	3630	4	0	0	30	975	0	0	0	
2021-08-04 00:17:00	3630	4	0	0	10	975	0	0	0	
2021-08-04 00:17:00	3630	4	0	0	0	975	0	0	0	
2021-08-04 00:17:00	3630	4	0	0	0	975	0	0	0	
2021-08-04 00:18:00	3630	4	0	0	41	975	0	0	0	
2021-08-04 00:18:00	3630	4	0	0	41	975	0	0	0	
2021-08-04 00:18:00	3630	4	0	0	41	975	0	0	0	
2021-08-04 00:19:00	3630	4	0	0	30	975	0	0	0	
2021-08-04 00:19:00	3630	4	0	0	41	975	0	0	0	
2021-08-04 00:19:00	3630	4	0	0	41	975	0	0	0	
2021-08-04 00:20:00	3630	4	0	0	41	975	0	0	0	
2021-08-04 00:20:00	3630	4	0	0	30	975	0	0	0	
2021-08-04 00:20:00	3630	4	0	0	41	975	0	0	0	
2021-08-04 00:21:00	3630	4	0	0	41	975	0	0	0	
2021-08-04 00:21:00	3630	4	0	0	41	975	0	0	0	
2021-08-04 00:21:00	3630	4	0	0	30	975	0	0	0	
2021-08-04 00:22:00	3630	4	0	0	41	975	0	0	0	
2021-08-04 00:22:00	3630	4	0	0	30	975	0	0	0	
2021-08-04 00:22:00	3630	4	0	0	41	975	0	0	0	
2021-08-04 00:23:00	3630	4	0	0	0	975	0	0	0	
2021-08-04 00:23:00	3630	4	0	0	0	975	0	0	0	
2021-08-04 00:23:00	3630	4	0	0	0	975	0	0	0	
2021-08-04 00:24:00	3630	4	0	0	0	975	0	0	0	
2021-08-04 00:24:00	3630	4	0	0	0	975	0	0	0	
2021-08-04 00:24:00	3630	4	0	0	0	975	0	0	0	
2021-08-04 00:25:00	3630	4	0	0	0	975	0	0	0	
2021-08-04 00:25:00	3630	4	0	0	0	975	0	0	0	
2021-08-04 00:25:00	3630	4	0	0	0	975	0	0	0	
2021-08-04 00:26:00	3630	4	0	0	0	975	0	0	0	
2021-08-04 00:26:00	3630	4	0	0	0	975	0	0	0	
2021-08-04 00:26:00	3630	4	0	0	0	975	0	0	0	
2021-08-04 00:27:00	3630	4	0	0	41	975	0	0	0	
2021-08-04 00:27:00	3630	4	0	0	41	975	0	0	0	
2021-08-04 00:27:00	3630	4	0	0	41	975	0	0	0	
2021-08-04 00:28:00	3630	4	0	0	0	975	0	0	0	
2021-08-04 00:28:00	3630	4	0	0	0	975	0	0	0	
2021-08-04 00:28:00	3630	4	0	0	0	975	0	0	0	
2021-08-04 00:29:00	3630	4	0	0	0	975	0	0	0	
2021-08-04 00:29:00	3630	4	0	0	0	975	0	0	0	
2021-08-04 00:29:00	3630	4	0	0	0	975	0	0	0	
2021-08-04 00:30:00	3630	4	0	0	30	975	0	0	0	
2021-08-04 00:30:00	3630	4	0	0	30	975	0	0	0	
2021-08-04 00:30:00	3630	4	0	0	30	975	0	0	0	
2021-08-04 00:31:00	3630	4	0	0	30	975	0	0	0	
2021-08-04 00:31:00	3630	4	0	0	30	975	0	0	0	
2021-08-04 00:31:00	3630	4	0	0	41	975	0	0	0	
2021-08-04 00:32:00	3630	4	0	0	30	975	0	0	0	
2021-08-04 00:32:00	3630	4	0	0	30	975	0	0	0	
2021-08-04 00:32:00	3630	4	0	0	30	975	0	0	0	
2021-08-04 00:33:00	3630	4	0	0	30	975	0	0	0	
2021-08-04 00:33:00	3630	4	0	0	30	975	0	0	0	
2021-08-04 00:33:00	3630	4	0	0	41	975	0	0	0	
2021-08-04 00:34:00	3630	4	0	0	41	975	0	0	0	
2021-08-04 00:34:00	3630	4	0	0	41	975	0	0	0	
2021-08-04 00:34:00	3630	4	0	0	41	975	0	0	0	
2021-08-04 00:35:00	3630	4	0	0	41	975	0	0	0	
2021-08-04 00:35:00	3630	4	0	0	30	975	0	0	0	
2021-08-04 00:35:00	3630	4	0	0	41	975	0	0	0	
2021-08-04 00:36:00	3630	4	0	0	41	975	0	0	0	
2021-08-04 00:36:00	3630	4	0	0	30	975	0	0	0	
2021-08-04 00:36:00	3630	4	0	0	41	975	0	0	0	
2021-08-04 00:37:00	3630	4	0	0	0	975	0	0	0	
2021-08-04 00:37:00	3630	4	0	0	0	975	0	0	0	
2021-08-04 00:37:00	3630	4	0	0	0	975	0	0	0	
2021-08-04 00:38:00	3630	4	0	0	41	975	0	0	0	
2021-08-04 00:38:00	3630	4	0	0	41	975	0	0	0	
2021-08-04 00:38:00	3630	4	0	0	30	975	0	0	0	
2021-08-04 00:39:00	3630	4	0	0	320	975	0	0	0	
2021-08-04 00:39:00	3630	4	0	0	320	975	0	0	0	
2021-08-04 00:39:00	3630	4	0	0	320	975	0	0	0	
2021-08-04 00:40:00	3630	2	0	800	330	975	0	0	0	
2021-08-04 00:40:00	3630	2	0	800	340	975	0	0	0	
2021-08-04 00:40:00	3630	2	0	800	340	975	0	0	0	
2021-08-04 00:41:00	3630	2	0	800	361	975	0	0	0	
2021-08-04 00:41:00	3630	2	0	800	350	975	0	0	0	
2021-08-04 00:41:00	3630	2	0	800	350	975	0	0	0	
2021-08-04 00:42:00	3630	4	0	0	30	975	0	0	0	
2021-08-04 00:42:00	3630	2	0	800	30	1050	0	0	0	
2021-08-04 00:42:00	3630	4	0	800	30	1050	0	0	0	
2021-08-04 00:43:00	3630	4	0	0	41	975	0	0	0	
2021-08-04 00:43:00	3630	4	0	0	30	975	0	0	0	
2021-08-04 00:43:00	3630	4	0	800	30	1050	0	0	0	
2021-08-04 00:44:00	3630	4	0	0	41	975	0	0	0	
2021-08-04 00:44:00	3630	4	0	0	41	975	0	0	0	
2021-08-04 00:44:00	3630	4	0	0	30	975	0	0	0	
2021-08-04 00:45:00	3630	4	0	0	41	975	0	0	0	
2021-08-04 00:45:00	3630	4	0	0	30	975	0	0	0	
2021-08-04 00:45:00	3630	4	0	0	41	975	0	0	0	
2021-08-04 00:46:00	3630	4	0	0	0	975	0	0	0	
2021-08-04 00:46:00	3630	4	0	0	0	975	0	0	0	
2021-08-04 00:46:00	3630	4	0	0	0	975	0	0	0	
2021-08-04 00:47:00	3630	4	0	0	41	975	0	0	0	
2021-08-04 00:47:00	3630	4	0	0	30	975	0	0	0	
2021-08-04 00:47:00	3630	4	0	0	30	975	0	0	0	
2021-08-04 00:48:00	3630	4	0	0	41	975	0	0	0	
2021-08-04 00:48:00	3630	4	0	0	41	975	0	0	0	
2021-08-04 00:48:00	3630	4	0	0	41	975	0	0	0	
2021-08-04 00:49:00	3630	4	0	0	30	975	0	0	0	
2021-08-04 00:49:00	3630	4	0	0	30	975	0	0	0	
2021-08-04 00:49:00	3630	4	0	0	30	975	0	0	0	
2021-08-04 00:50:00	3630	4	0	0	30	975	0	0	0	
2021-08-04 00:50:00	3630	4	0	0	30	975	0	0	0	
2021-08-04 00:50:00	3630	4	0	0	30	975	0	0	0	
2021-08-04 00:51:00	3630	4	0	0	30	975	0	0	0	
2021-08-04 00:51:00	3630	4	0	0	30	975	0	0	0	
2021-08-04 00:51:00	3630	4	0	0	30	975	0	0	0	
2021-08-04 00:52:00	3630	4	0	0	30	975	0	0	0	
2021-08-04 00:52:00	3630	4	0	0	41	975	0	0	0	
2021-08-04 00:52:00	3630	4	0	0	30	975	0	0	0	
2021-08-04 00:53:00	3630	4	0	0	30	975	0	0	0	
2021-08-04 00:53:00	3630	4	0	0	41	975	0	0	0	
2021-08-04 00:53:00	3630	4	0	0	30	975	0	0	0	
2021-08-04 00:54:00	3630	4	0	0	41	975	0	0	0	
2021-08-04 00:54:00	3630	4	0	0	30	975	0	0	0	
2021-08-04 00:54:00	3630	4	0	0	41	975	0	0	0	
2021-08-04 00:55:00	3630	4	0	0	41	975	0	0	0	
2021-08-04 00:55:00	3630	4	0	0	41	975	0	0	0	
2021-08-04 00:55:00	3630	4	0	0	41	975	0	0	0	
2021-08-04 00:56:00	3630	4	0	0	340	975	0	0	0	
2021-08-04 00:56:00	3630	4	0	0	350	975	0	0	0	
2021-08-04 00:56:00	3630	4	0	0	330	975	0	0	0	
2021-08-04 00:57:00	3630	4	0	0	330	975	0	0	0	
2021-08-04 00:57:00	3630	4	0	0	320	975	0	0	0	
2021-08-04 00:57:00	3630	4	0	0	330	975	0	0	0	
2021-08-04 00:58:00	3630	2	0	800	371	975	0	0	0	
2021-08-04 00:58:00	3630	4	0	0	371	975	0	0	0	
2021-08-04 00:58:00	3630	4	0	0	371	975	0	0	0	
2021-08-04 00:59:00	3630	4	0	0	41	900	0	0	0	
2021-08-04 00:59:00	3630	3	0	800	41	975	0	0	0	
2021-08-04 00:59:00	3630	4	0	800	41	975	0	0	0	
2021-08-04 01:00:00	3630	4	0	0	30	975	0	0	0	
2021-08-04 01:00:00	3630	4	0	800	30	975	0	0	0	
2021-08-04 01:00:00	3630	4	0	0	30	900	0	0	0	
2021-08-04 01:01:00	3630	4	0	0	41	975	0	0	0	
2021-08-04 01:01:00	3630	4	0	800	30	975	0	0	0	
2021-08-04 01:01:00	3630	4	0	0	30	975	0	0	0	
2021-08-04 01:02:00	3630	4	0	0	30	975	0	0	0	
2021-08-04 01:02:00	3630	4	0	0	30	975	0	0	0	
2021-08-04 01:02:00	3630	4	0	0	30	975	0	0	0	
2021-08-04 01:03:00	3630	4	0	0	0	975	0	0	0	
2021-08-04 01:03:00	3630	4	0	0	0	975	0	0	0	
2021-08-04 01:03:00	3630	4	0	0	0	975	0	0	0	
2021-08-04 01:04:00	3630	4	0	0	0	975	0	0	0	
2021-08-04 01:04:00	3630	4	0	0	0	975	0	0	0	
2021-08-04 01:04:00	3630	4	0	0	0	975	0	0	0	
2021-08-04 01:05:00	3630	4	0	0	41	975	0	0	0	
2021-08-04 01:05:00	3630	4	0	0	41	975	0	0	0	
2021-08-04 01:05:00	3630	4	0	0	41	975	0	0	0	
2021-08-04 01:06:00	3630	4	0	0	30	975	0	0	0	
2021-08-04 01:06:00	3630	4	0	0	30	975	0	0	0	
2021-08-04 01:06:00	3630	4	0	0	30	975	0	0	0	
2021-08-04 01:07:00	3630	4	0	0	30	975	0	0	0	
2021-08-04 01:07:00	3630	4	0	0	30	975	0	0	0	
2021-08-04 01:07:00	3630	4	0	0	30	975	0	0	0	
2021-08-04 01:08:00	3630	4	0	0	30	975	0	0	0	
2021-08-04 01:08:00	3630	4	0	0	30	975	0	0	0	
2021-08-04 01:08:00	3630	4	0	0	30	975	0	0	0	
2021-08-04 01:09:00	3630	4	0	0	41	975	0	0	0	
2021-08-04 01:09:00	3630	4	0	0	41	975	0	0	0	
2021-08-04 01:09:00	3630	4	0	0	41	975	0	0	0	
2021-08-04 01:10:00	3630	4	0	0	30	975	0	0	0	
2021-08-04 01:10:00	3630	4	0	0	30	975	0	0	0	
2021-08-04 01:10:00	3630	4	0	0	30	975	0	0	0	
2021-08-04 01:11:00	3630	4	0	0	30	975	0	0	0	
2021-08-04 01:11:00	3630	4	0	0	30	975	0	0	0	
2021-08-04 01:11:00	3630	4	0	0	30	975	0	0	0	
2021-08-04 01:12:00	3630	4	0	0	0	975	0	0	0	
2021-08-04 01:12:00	3630	4	0	0	0	975	0	0	0	
2021-08-04 01:12:00	3630	4	0	0	0	975	0	0	0	
2021-08-04 01:13:00	3630	4	0	0	0	975	0	0	0	
2021-08-04 01:13:00	3630	4	0	0	0	975	0	0	0	
2021-08-04 01:13:00	3630	4	0	0	0	975	0	0	0	
2021-08-04 01:14:00	3630	4	0	0	30	975	0	0	0	
2021-08-04 01:14:00	3630	4	0	0	41	975	0	0	0	
2021-08-04 01:14:00	3630	4	0	0	41	975	0	0	0	
2021-08-04 01:15:00	3630	4	0	0	0	975	0	0	0	
2021-08-04 01:15:00	3630	4	0	0	0	975	0	0	0	
2021-08-04 01:15:00	3630	4	0	0	0	975	0	0	0	
2021-08-04 01:16:00	3630	4	0	0	41	975	0	0	0	
2021-08-04 01:16:00	3630	4	0	0	41	975	0	0	0	
2021-08-04 01:16:00	3630	4	0	0	41	975	0	0	0	
2021-08-04 01:17:00	3630	4	0	0	0	975	0	0	0	
2021-08-04 01:17:00	3630	4	0	0	0	975	0	0	0	
2021-08-04 01:17:00	3630	4	0	0	0	975	0	0	0	
2021-08-04 01:18:00	3630	4	0	0	0	975	0	0	0	
2021-08-04 01:18:00	3630	4	0	0	0	975	0	0	0	
2021-08-04 01:18:00	3630	4	0	0	0	975	0	0	0	
2021-08-04 01:19:00	3630	4	0	0	0	975	0	0	0	
2021-08-04 01:19:00	3630	4	0	0	0	975	0	0	0	
2021-08-04 01:19:00	3630	4	0	0	0	975	0	0	0	
2021-08-04 01:20:00	3630	4	0	0	0	975	0	0	0	
2021-08-04 01:20:00	3630	4	0	0	0	975	0	0	0	
2021-08-04 01:20:00	3630	4	0	0	0	975	0	0	0	
2021-08-04 01:21:00	3630	4	0	0	0	975	0	0	0	
2021-08-04 01:21:00	3630	4	0	0	0	975	0	0	0	
2021-08-04 01:21:00	3630	4	0	0	0	975	0	0	0	
2021-08-04 01:22:00	3630	4	0	0	0	975	0	0	0	
2021-08-04 01:22:00	3630	4	0	0	0	975	0	0	0	
2021-08-04 01:22:00	3630	4	0	0	0	975	0	0	0	
2021-08-04 01:23:00	3630	4	0	0	0	975	0	0	0	
2021-08-04 01:23:00	3630	4	0	0	0	975	0	0	0	
2021-08-04 01:23:00	3630	4	0	0	0	975	0	0	0	
2021-08-04 01:24:00	3630	4	0	0	0	975	0	0	0	
2021-08-04 01:24:00	3630	4	0	0	0	975	0	0	0	
2021-08-04 01:24:00	3630	4	0	0	0	975	0	0	0	
2021-08-04 01:25:00	3630	4	0	0	0	975	0	0	0	
2021-08-04 01:25:00	3630	4	0	0	0	975	0	0	0	
2021-08-04 01:25:00	3630	4	0	0	0	975	0	0	0	
2021-08-04 01:26:00	3630	4	0	0	0	975	0	0	0	
2021-08-04 01:26:00	3630	4	0	0	0	975	0	0	0	
2021-08-04 01:26:00	3630	4	0	0	0	975	0	0	0	
2021-08-04 01:27:00	3630	4	0	0	0	975	0	0	0	
2021-08-04 01:27:00	3630	4	0	0	0	975	0	0	0	
2021-08-04 01:27:00	3630	4	0	0	0	975	0	0	0	
2021-08-04 01:28:00	3630	4	0	0	41	975	0	0	0	
2021-08-04 01:28:00	3630	4	0	0	41	975	0	0	0	
2021-08-04 01:28:00	3630	4	0	0	41	975	0	0	0	
2021-08-04 01:29:00	3630	4	0	0	41	975	0	0	0	
2021-08-04 01:29:00	3630	4	0	0	41	975	0	0	0	
2021-08-04 01:29:00	3630	4	0	0	41	975	0	0	0	
2021-08-04 01:30:00	3630	4	0	0	0	975	0	0	0	
2021-08-04 01:30:00	3630	4	0	0	0	975	0	0	0	
2021-08-04 01:30:00	3630	4	0	0	0	975	0	0	0	
2021-08-04 01:31:00	3630	4	0	0	30	975	0	0	0	
2021-08-04 01:31:00	3630	4	0	0	30	975	0	0	0	
2021-08-04 01:31:00	3630	4	0	0	41	975	0	0	0	
2021-08-04 01:32:00	3630	4	0	0	0	975	0	0	0	
2021-08-04 01:32:00	3630	4	0	0	0	975	0	0	0	
2021-08-04 01:32:00	3630	4	0	0	0	975	0	0	0	
2021-08-04 01:33:00	3630	4	0	0	0	975	0	0	0	
2021-08-04 01:33:00	3630	4	0	0	0	975	0	0	0	
2021-08-04 01:33:00	3630	4	0	0	0	975	0	0	0	
2021-08-04 01:34:00	3630	4	0	0	0	975	0	0	0	
2021-08-04 01:34:00	3630	4	0	0	0	975	0	0	0	
2021-08-04 01:34:00	3630	4	0	0	0	975	0	0	0	
2021-08-04 01:35:00	3630	4	0	0	0	975	0	0	0	
2021-08-04 01:35:00	3630	4	0	0	0	975	0	0	0	
2021-08-04 01:35:00	3630	4	0	0	0	975	0	0	0	
2021-08-04 01:36:00	3630	4	0	0	0	975	0	0	0	
2021-08-04 01:36:00	3630	4	0	0	0	975	0	0	0	
2021-08-04 01:36:00	3630	4	0	0	0	975	0	0	0	
2021-08-04 01:37:00	3630	4	0	0	30	975	0	0	0	
2021-08-04 01:37:00	3630	4	0	0	30	975	0	0	0	
2021-08-04 01:37:00	3630	4	0	0	41	975	0	0	0	
2021-08-04 01:38:00	3630	4	0	0	0	975	0	0	0	
2021-08-04 01:38:00	3630	4	0	0	0	975	0	0	0	
2021-08-04 01:38:00	3630	4	0	0	0	975	0	0	0	
2021-08-04 01:39:00	3630	4	0	0	0	975	0	0	0	
2021-08-04 01:39:00	3630	4	0	0	0	975	0	0	0	
2021-08-04 01:39:00	3630	4	0	0	0	975	0	0	0	
2021-08-04 01:40:00	3630	4	0	0	0	975	0	0	0	
2021-08-04 01:40:00	3630	4	0	0	0	975	0	0	0	
2021-08-04 01:40:00	3630	4	0	0	0	975	0	0	0	
2021-08-04 01:41:00	3630	4	0	0	0	975	0	0	0	
2021-08-04 01:41:00	3630	4	0	0	0	975	0	0	0	
2021-08-04 01:41:00	3630	4	0	0	0	975	0	0	0	
2021-08-04 01:42:00	3630	4	0	0	0	975	0	0	0	
2021-08-04 01:42:00	3630	4	0	0	0	975	0	0	0	
2021-08-04 01:42:00	3630	4	0	0	0	975	0	0	0	
2021-08-04 01:43:00	3630	4	0	0	0	975	0	0	0	
2021-08-04 01:43:00	3630	4	0	0	0	975	0	0	0	
2021-08-04 01:43:00	3630	4	0	0	0	975	0	0	0	
2021-08-04 01:44:00	3630	4	0	0	0	975	0	0	0	
2021-08-04 01:44:00	3630	4	0	0	0	975	0	0	0	
2021-08-04 01:44:00	3630	4	0	0	0	975	0	0	0	
2021-08-04 01:45:00	3630	4	0	0	41	975	0	0	0	
2021-08-04 01:45:00	3630	4	0	0	41	975	0	0	0	
2021-08-04 01:45:00	3630	4	0	0	41	975	0	0	0	
2021-08-04 01:46:00	3630	4	0	0	0	975	0	0	0	
2021-08-04 01:46:00	3630	4	0	0	0	975	0	0	0	
2021-08-04 01:46:00	3630	4	0	0	0	975	0	0	0	
2021-08-04 01:47:00	3630	4	0	0	0	975	0	0	0	
2021-08-04 01:47:00	3630	4	0	0	0	975	0	0	0	
2021-08-04 01:47:00	3630	4	0	0	0	975	0	0	0	
2021-08-04 01:48:00	3630	4	0	0	30	975	0	0	0	
2021-08-04 01:48:00	3630	4	0	0	30	975	0	0	0	
2021-08-04 01:48:00	3630	4	0	0	30	975	0	0	0	
2021-08-04 01:49:00	3630	4	0	0	41	975	0	0	0	
2021-08-04 01:49:00	3630	4	0	0	30	975	0	0	0	
2021-08-04 01:49:00	3630	4	0	0	41	975	0	0	0	
2021-08-04 01:50:00	3630	4	0	0	0	975	0	0	0	
2021-08-04 01:50:00	3630	4	0	0	0	975	0	0	0	
2021-08-04 01:50:00	3630	4	0	0	0	975	0	0	0	
2021-08-04 01:51:00	3630	4	0	0	41	975	0	0	0	
2021-08-04 01:51:00	3630	4	0	0	41	975	0	0	0	
2021-08-04 01:51:00	3630	4	0	0	41	975	0	0	0	
2021-08-04 01:52:00	3630	4	0	0	0	975	0	0	0	
2021-08-04 01:52:00	3630	4	0	0	0	975	0	0	0	
2021-08-04 01:52:00	3630	4	0	0	0	975	0	0	0	
2021-08-04 01:53:00	3630	4	0	0	41	975	0	0	0	
2021-08-04 01:53:00	3630	4	0	0	41	975	0	0	0	
2021-08-04 01:53:00	3630	4	0	0	41	975	0	0	0	
2021-08-04 01:54:00	3630	4	0	0	41	975	0	0	0	
2021-08-04 01:54:00	3630	4	0	0	41	975	0	0	0	
2021-08-04 01:54:00	3630	4	0	0	41	975	0	0	0	
2021-08-04 01:55:00	3630	4	0	0	0	975	0	0	0	
2021-08-04 01:55:00	3630	4	0	0	0	975	0	0	0	
2021-08-04 01:55:00	3630	4	0	0	0	975	0	0	0	
2021-08-04 01:56:00	3630	4	0	0	30	975	0	0	0	
2021-08-04 01:56:00	3630	4	0	0	30	975	0	0	0	
2021-08-04 01:56:00	3630	4	0	0	30	975	0	0	0	
2021-08-04 01:57:00	3630	4	0	0	0	975	0	0	0	
2021-08-04 01:57:00	3630	4	0	0	0	975	0	0	0	
2021-08-04 01:57:00	3630	4	0	0	0	975	0	0	0	
2021-08-04 01:58:00	3630	4	0	0	0	975	0	0	0	
2021-08-04 01:58:00	3630	4	0	0	0	975	0	0	0	
2021-08-04 01:58:00	3630	4	0	0	0	975	0	0	0	
2021-08-04 01:59:00	3630	4	0	0	0	975	0	0	0	
2021-08-04 01:59:00	3630	4	0	0	0	975	0	0	0	
2021-08-04 01:59:00	3630	4	0	0	0	975	0	0	0	
2021-08-04 02:00:00	3630	4	0	0	0	975	0	0	0	
2021-08-04 02:00:00	3630	4	0	0	0	975	0	0	0	
2021-08-04 02:00:00	3630	4	0	0	0	975	0	0	0	
2021-08-04 02:01:00	3630	4	0	0	0	975	0	0	0	
2021-08-04 02:01:00	3630	4	0	0	0	975	0	0	0	
2021-08-04 02:01:00	3630	4	0	0	0	975	0	0	0	
2021-08-04 02:02:00	3630	4	0	0	0	975	0	0	0	
2021-08-04 02:02:00	3630	4	0	0	0	975	0	0	0	
2021-08-04 02:02:00	3630	4	0	0	0	975	0	0	0	
2021-08-04 02:03:00	3630	4	0	0	30	975	0	0	0	
2021-08-04 02:03:00	3630	4	0	0	30	975	0	0	0	
2021-08-04 02:03:00	3630	4	0	0	41	975	0	0	0	
2021-08-04 02:04:00	3630	4	0	0	0	975	0	0	0	
2021-08-04 02:04:00	3630	4	0	0	0	975	0	0	0	
2021-08-04 02:04:00	3630	4	0	0	0	975	0	0	0	
2021-08-04 02:05:00	3630	4	0	0	0	975	0	0	0	
2021-08-04 02:05:00	3630	4	0	0	0	975	0	0	0	
2021-08-04 02:05:00	3630	4	0	0	0	975	0	0	0	
2021-08-04 02:06:00	3630	4	0	0	0	975	0	0	0	
2021-08-04 02:06:00	3630	4	0	0	0	975	0	0	0	
2021-08-04 02:06:00	3630	4	0	0	0	975	0	0	0	
2021-08-04 02:07:00	3630	4	0	0	0	975	0	0	0	
2021-08-04 02:07:00	3630	4	0	0	0	975	0	0	0	
2021-08-04 02:07:00	3630	4	0	0	0	975	0	0	0	
2021-08-04 02:08:00	3630	4	0	0	0	975	0	0	0	
2021-08-04 02:08:00	3630	4	0	0	41	975	0	0	0	
2021-08-04 02:08:00	3630	4	0	0	41	975	0	0	0	
2021-08-04 02:09:00	3630	4	0	0	41	975	0	0	0	
2021-08-04 02:09:00	3630	4	0	0	41	975	0	0	0	
2021-08-04 02:09:00	3630	4	0	0	30	975	0	0	0	
2021-08-04 02:10:00	3630	4	0	0	41	975	0	0	0	
2021-08-04 02:10:00	3630	4	0	0	41	975	0	0	0	
2021-08-04 02:10:00	3630	4	0	0	41	975	0	0	0	
2021-08-04 02:11:00	3630	4	0	0	30	975	0	0	0	
2021-08-04 02:11:00	3630	4	0	0	30	975	0	0	0	
2021-08-04 02:11:00	3630	4	0	0	30	975	0	0	0	
2021-08-04 02:12:00	3630	4	0	0	0	975	0	0	0	
2021-08-04 02:12:00	3630	4	0	0	0	975	0	0	0	
2021-08-04 02:12:00	3630	4	0	0	0	975	0	0	0	
2021-08-04 02:13:00	3630	4	0	0	41	975	0	0	0	
2021-08-04 02:13:00	3630	4	0	0	41	975	0	0	0	
2021-08-04 02:13:00	3630	4	0	0	41	975	0	0	0	
2021-08-04 02:14:00	3630	4	0	0	0	975	0	0	0	
2021-08-04 02:14:00	3630	4	0	0	0	975	0	0	0	
2021-08-04 02:14:00	3630	4	0	0	0	975	0	0	0	
2021-08-04 02:15:00	3630	4	0	0	30	975	0	0	0	
2021-08-04 02:15:00	3630	4	0	0	30	975	0	0	0	
2021-08-04 02:15:00	3630	4	0	0	41	975	0	0	0	
2021-08-04 02:16:00	3630	4	0	0	0	975	0	0	0	
2021-08-04 02:16:00	3630	4	0	0	0	975	0	0	0	
2021-08-04 02:16:00	3630	4	0	0	0	975	0	0	0	
2021-08-04 02:17:00	3630	4	0	0	0	975	0	0	0	
2021-08-04 02:17:00	3630	4	0	0	0	975	0	0	0	
2021-08-04 02:17:00	3630	4	0	0	0	975	0	0	0	
2021-08-04 02:18:00	3630	4	0	0	0	975	0	0	0	
2021-08-04 02:18:00	3630	4	0	0	0	975	0	0	0	
2021-08-04 02:18:00	3630	4	0	0	0	975	0	0	0	
2021-08-04 02:19:00	3630	4	0	0	41	975	0	0	0	
2021-08-04 02:19:00	3630	4	0	0	41	975	0	0	0	
2021-08-04 02:19:00	3630	4	0	0	51	975	0	0	0	
2021-08-04 02:20:00	3630	4	0	0	41	975	0	0	0	
2021-08-04 02:20:00	3630	4	0	0	41	975	0	0	0	
2021-08-04 02:20:00	3630	4	0	0	41	975	0	0	0	
2021-08-04 02:21:00	3630	4	0	0	330	975	0	0	0	
2021-08-04 02:21:00	3630	4	0	0	320	975	0	0	0	
2021-08-04 02:21:00	3630	4	0	0	330	975	0	0	0	
2021-08-04 02:22:00	3630	4	0	0	309	975	0	0	0	
2021-08-04 02:22:00	3630	4	0	0	309	975	0	0	0	
2021-08-04 02:22:00	3630	3	0	0	309	975	0	0	0	
2021-08-04 02:23:00	3630	2	0	0	361	975	0	0	0	
2021-08-04 02:23:00	3630	2	0	0	361	975	0	0	0	
2021-08-04 02:23:00	3630	3	0	800	361	1050	0	0	0	
2021-08-04 02:24:00	3630	3	0	0	41	975	0	0	0	
2021-08-04 02:24:00	3630	4	0	0	41	975	0	0	0	
2021-08-04 02:24:00	3630	4	0	800	41	1050	0	0	0	
2021-08-04 02:25:00	3630	4	0	0	30	975	0	0	0	
2021-08-04 02:25:00	3630	4	0	0	30	975	0	0	0	
2021-08-04 02:25:00	3630	4	0	0	41	975	0	0	0	
2021-08-04 02:26:00	3630	4	0	0	41	975	0	0	0	
2021-08-04 02:26:00	3630	4	0	0	30	975	0	0	0	
2021-08-04 02:26:00	3630	4	0	0	41	975	0	0	0	
2021-08-04 02:27:00	3630	4	0	0	30	975	0	0	0	
2021-08-04 02:27:00	3630	4	0	0	30	975	0	0	0	
2021-08-04 02:27:00	3630	4	0	0	41	975	0	0	0	
2021-08-04 02:28:00	3630	4	0	0	0	975	0	0	0	
2021-08-04 02:28:00	3630	4	0	0	0	975	0	0	0	
2021-08-04 02:28:00	3630	4	0	0	0	975	0	0	0	
2021-08-04 02:29:00	3630	4	0	0	0	975	0	0	0	
2021-08-04 02:29:00	3630	4	0	0	0	975	0	0	0	
2021-08-04 02:29:00	3630	4	0	0	0	975	0	0	0	
2021-08-04 02:30:00	3630	4	0	0	30	975	0	0	0	
2021-08-04 02:30:00	3630	4	0	0	41	975	0	0	0	
2021-08-04 02:30:00	3630	4	0	0	30	975	0	0	0	
2021-08-04 02:31:00	3630	4	0	0	0	975	0	0	0	
2021-08-04 02:31:00	3630	4	0	0	0	975	0	0	0	
2021-08-04 02:31:00	3630	4	0	0	0	975	0	0	0	
2021-08-04 02:32:00	3630	4	0	0	0	975	0	0	0	
2021-08-04 02:32:00	3630	4	0	0	0	975	0	0	0	
2021-08-04 02:32:00	3630	4	0	0	0	975	0	0	0	
2021-08-04 02:33:00	3630	4	0	0	41	975	0	0	0	
2021-08-04 02:33:00	3630	4	0	0	41	975	0	0	0	
2021-08-04 02:33:00	3630	4	0	0	41	975	0	0	0	
2021-08-04 02:34:00	3630	4	0	0	30	975	0	0	0	
2021-08-04 02:34:00	3630	4	0	0	41	975	0	0	0	
2021-08-04 02:34:00	3630	4	0	0	30	975	0	0	0	
2021-08-04 02:35:00	3630	4	0	0	0	975	0	0	0	
2021-08-04 02:35:00	3630	4	0	0	0	975	0	0	0	
2021-08-04 02:35:00	3630	4	0	0	0	975	0	0	0	
2021-08-04 02:36:00	3630	4	0	0	30	975	0	0	0	
2021-08-04 02:36:00	3630	4	0	0	41	975	0	0	0	
2021-08-04 02:36:00	3630	4	0	0	30	975	0	0	0	
2021-08-04 02:37:00	3630	4	0	0	41	975	0	0	0	
2021-08-04 02:37:00	3630	4	0	0	41	975	0	0	0	
2021-08-04 02:37:00	3630	4	0	0	41	975	0	0	0	
2021-08-04 02:38:00	3630	4	0	0	30	975	0	0	0	
2021-08-04 02:38:00	3630	4	0	0	30	975	0	0	0	
2021-08-04 02:38:00	3630	4	0	0	30	975	0	0	0	
2021-08-04 02:39:00	3630	4	0	0	30	975	0	0	0	
2021-08-04 02:39:00	3630	4	0	0	41	975	0	0	0	
2021-08-04 02:39:00	3630	4	0	0	30	975	0	0	0	
2021-08-04 02:40:00	3630	4	0	0	30	975	0	0	0	
2021-08-04 02:40:00	3630	4	0	0	30	975	0	0	0	
2021-08-04 02:40:00	3630	4	0	0	30	975	0	0	0	
2021-08-04 02:41:00	3630	4	0	0	30	975	0	0	0	
2021-08-04 02:41:00	3630	4	0	0	30	975	0	0	0	
2021-08-04 02:41:00	3630	4	0	0	30	975	0	0	0	
2021-08-04 02:42:00	3630	4	0	0	30	975	0	0	0	
2021-08-04 02:42:00	3630	4	0	0	30	975	0	0	0	
2021-08-04 02:42:00	3630	4	0	0	30	975	0	0	0	
2021-08-04 02:43:00	3630	4	0	0	30	975	0	0	0	
2021-08-04 02:43:00	3630	4	0	0	30	975	0	0	0	
2021-08-04 02:43:00	3630	4	0	0	30	975	0	0	0	
2021-08-04 02:44:00	3630	4	0	0	41	975	0	0	0	
2021-08-04 02:44:00	3630	4	0	0	41	975	0	0	0	
2021-08-04 02:44:00	3630	4	0	0	41	975	0	0	0	
2021-08-04 02:45:00	3630	4	0	0	0	975	0	0	0	
2021-08-04 02:45:00	3630	4	0	0	0	975	0	0	0	
2021-08-04 02:45:00	3630	4	0	0	0	975	0	0	0	
2021-08-04 02:46:00	3630	4	0	0	30	975	0	0	0	
2021-08-04 02:46:00	3630	4	0	0	41	975	0	0	0	
2021-08-04 02:46:00	3630	4	0	0	30	975	0	0	0	
2021-08-04 02:47:00	3630	4	0	0	30	975	0	0	0	
2021-08-04 02:47:00	3630	4	0	0	30	975	0	0	0	
2021-08-04 02:47:00	3630	4	0	0	41	975	0	0	0	
2021-08-04 02:48:00	3630	4	0	0	30	975	0	0	0	
2021-08-04 02:48:00	3630	4	0	0	30	975	0	0	0	
2021-08-04 02:48:00	3630	4	0	0	30	975	0	0	0	
2021-08-04 02:49:00	3630	4	0	0	30	975	0	0	0	
2021-08-04 02:49:00	3630	4	0	0	41	975	0	0	0	
2021-08-04 02:49:00	3630	4	0	0	41	975	0	0	0	
2021-08-04 02:50:00	3630	4	0	0	30	975	0	0	0	
2021-08-04 02:50:00	3630	4	0	0	30	975	0	0	0	
2021-08-04 02:50:00	3630	4	0	0	30	975	0	0	0	
2021-08-04 02:51:00	3630	4	0	0	30	975	0	0	0	
2021-08-04 02:51:00	3630	4	0	0	30	975	0	0	0	
2021-08-04 02:51:00	3630	4	0	0	30	975	0	0	0	
2021-08-04 02:52:00	3630	4	0	0	41	975	0	0	0	
2021-08-04 02:52:00	3630	4	0	0	30	975	0	0	0	
2021-08-04 02:52:00	3630	4	0	0	30	975	0	0	0	
2021-08-04 02:53:00	3630	4	0	0	30	975	0	0	0	
2021-08-04 02:53:00	3630	4	0	0	30	975	0	0	0	
2021-08-04 02:53:00	3630	4	0	0	30	975	0	0	0	
2021-08-04 02:54:00	3630	4	0	0	41	975	0	0	0	
2021-08-04 02:54:00	3630	4	0	0	41	975	0	0	0	
2021-08-04 02:54:00	3630	4	0	0	41	975	0	0	0	
2021-08-04 02:55:00	3630	4	0	0	0	975	0	0	0	
2021-08-04 02:55:00	3630	4	0	0	0	975	0	0	0	
2021-08-04 02:55:00	3630	4	0	0	0	975	0	0	0	
2021-08-04 02:56:00	3630	4	0	0	30	975	0	0	0	
2021-08-04 02:56:00	3630	4	0	0	30	975	0	0	0	
2021-08-04 02:56:00	3630	4	0	0	30	975	0	0	0	
2021-08-04 02:57:00	3630	4	0	0	30	975	0	0	0	
2021-08-04 02:57:00	3630	4	0	0	30	975	0	0	0	
2021-08-04 02:57:00	3630	4	0	0	30	975	0	0	0	
2021-08-04 02:58:00	3630	4	0	0	30	975	0	0	0	
2021-08-04 02:58:00	3630	4	0	0	30	975	0	0	0	
2021-08-04 02:58:00	3630	4	0	0	30	975	0	0	0	
2021-08-04 02:59:00	3630	4	0	0	30	975	0	0	0	
2021-08-04 02:59:00	3630	4	0	0	30	975	0	0	0	
2021-08-04 02:59:00	3630	4	0	0	30	975	0	0	0	
2021-08-04 03:00:00	3630	4	0	0	30	975	0	0	0	
2021-08-04 03:00:00	3630	4	0	0	30	975	0	0	0	
2021-08-04 03:00:00	3630	4	0	0	30	975	0	0	0	
2021-08-04 03:01:00	3630	4	0	0	41	975	0	0	0	
2021-08-04 03:01:00	3630	4	0	0	30	975	0	0	0	
2021-08-04 03:01:00	3630	4	0	0	30	975	0	0	0	
2021-08-04 03:02:00	3630	4	0	0	30	975	0	0	0	
2021-08-04 03:02:00	3630	4	0	0	30	975	0	0	0	
2021-08-04 03:02:00	3630	4	0	0	30	975	0	0	0	
2021-08-04 03:03:00	3630	4	0	0	0	975	0	0	0	
2021-08-04 03:03:00	3630	4	0	0	0	975	0	0	0	
2021-08-04 03:03:00	3630	4	0	0	0	975	0	0	0	
2021-08-04 03:04:00	3630	4	0	0	41	1050	0	0	0	
2021-08-04 03:04:00	3630	4	0	0	41	975	0	0	0	
2021-08-04 03:04:00	3630	4	0	0	41	975	0	0	0	
2021-08-04 03:05:00	3630	4	0	0	0	975	0	0	0	
2021-08-04 03:05:00	3630	4	0	0	0	975	0	0	0	
2021-08-04 03:05:00	3630	4	0	0	0	975	0	0	0	
2021-08-04 03:06:00	3630	4	0	0	0	975	0	0	0	
2021-08-04 03:06:00	3630	4	0	0	0	975	0	0	0	
2021-08-04 03:06:00	3630	4	0	0	0	975	0	0	0	
2021-08-04 03:07:00	3630	4	0	0	0	975	0	0	0	
2021-08-04 03:07:00	3630	4	0	0	0	975	0	0	0	
2021-08-04 03:07:00	3630	4	0	0	0	975	0	0	0	
2021-08-04 03:08:00	3630	4	0	0	30	975	0	0	0	
2021-08-04 03:08:00	3630	4	0	0	30	975	0	0	0	
2021-08-04 03:08:00	3630	4	0	0	30	975	0	0	0	
2021-08-04 03:09:00	3630	4	0	0	0	975	0	0	0	
2021-08-04 03:09:00	3630	4	0	0	10	975	0	0	0	
2021-08-04 03:09:00	3630	4	0	0	0	975	0	0	0	
2021-08-04 03:10:00	3630	4	0	0	0	975	0	0	0	
2021-08-04 03:10:00	3630	4	0	0	0	975	0	0	0	
2021-08-04 03:10:00	3630	4	0	0	0	975	0	0	0	
2021-08-04 03:11:00	3630	4	0	0	41	975	0	0	0	
2021-08-04 03:11:00	3630	4	0	0	30	975	0	0	0	
2021-08-04 03:11:00	3630	4	0	0	30	975	0	0	0	
2021-08-04 03:12:00	3630	4	0	0	0	975	0	0	0	
2021-08-04 03:12:00	3630	4	0	0	0	975	0	0	0	
2021-08-04 03:12:00	3630	4	0	0	0	975	0	0	0	
2021-08-04 03:13:00	3630	4	0	0	0	975	0	0	0	
2021-08-04 03:13:00	3630	4	0	0	0	975	0	0	0	
2021-08-04 03:13:00	3630	4	0	0	0	975	0	0	0	
2021-08-04 03:14:00	3630	4	0	0	0	975	0	0	0	
2021-08-04 03:14:00	3630	4	0	0	0	975	0	0	0	
2021-08-04 03:14:00	3630	4	0	0	0	975	0	0	0	
2021-08-04 03:15:00	3630	4	0	0	30	975	0	0	0	
2021-08-04 03:15:00	3630	4	0	0	30	975	0	0	0	
2021-08-04 03:15:00	3630	4	0	0	30	975	0	0	0	
2021-08-04 03:16:00	3630	4	0	0	30	975	0	0	0	
2021-08-04 03:16:00	3630	4	0	0	30	975	0	0	0	
2021-08-04 03:16:00	3630	4	0	0	30	975	0	0	0	
2021-08-04 03:17:00	3630	4	0	0	41	975	0	0	0	
2021-08-04 03:17:00	3630	4	0	0	41	975	0	0	0	
2021-08-04 03:17:00	3630	4	0	0	41	975	0	0	0	
2021-08-04 03:18:00	3630	4	0	0	0	975	0	0	0	
2021-08-04 03:18:00	3630	4	0	0	0	975	0	0	0	
2021-08-04 03:18:00	3630	4	0	0	0	975	0	0	0	
2021-08-04 03:19:00	3630	4	0	0	30	975	0	0	0	
2021-08-04 03:19:00	3630	4	0	0	41	975	0	0	0	
2021-08-04 03:19:00	3630	4	0	0	30	975	0	0	0	
2021-08-04 03:20:00	3630	4	0	0	0	975	0	0	0	
2021-08-04 03:20:00	3630	4	0	0	0	975	0	0	0	
2021-08-04 03:20:00	3630	4	0	0	0	975	0	0	0	
2021-08-04 03:21:00	3630	4	0	0	30	975	0	0	0	
2021-08-04 03:21:00	3630	4	0	0	41	975	0	0	0	
2021-08-04 03:21:00	3630	4	0	0	41	975	0	0	0	
2021-08-04 03:22:00	3630	4	0	0	41	1050	0	0	0	
2021-08-04 03:22:00	3630	4	0	0	41	975	0	0	0	
2021-08-04 03:22:00	3630	4	0	0	41	1050	0	0	0	
2021-08-04 03:23:00	3630	4	0	0	30	1050	0	0	0	
2021-08-04 03:23:00	3630	4	0	0	30	1050	0	0	0	
2021-08-04 03:23:00	3630	4	0	0	41	975	0	0	0	
2021-08-04 03:24:00	3630	4	0	0	41	1050	0	0	0	
2021-08-04 03:24:00	3630	4	0	0	30	1050	0	0	0	
2021-08-04 03:24:00	3630	4	0	0	41	1050	0	0	0	
2021-08-04 03:25:00	3630	4	0	0	30	1050	0	0	0	
2021-08-04 03:25:00	3630	4	0	0	30	1050	0	0	0	
2021-08-04 03:25:00	3630	4	0	0	30	1050	0	0	0	
2021-08-04 03:26:00	3630	4	0	0	30	1050	0	0	0	
2021-08-04 03:26:00	3630	4	0	0	30	1050	0	0	0	
2021-08-04 03:26:00	3630	4	0	0	30	1050	0	0	0	
2021-08-04 03:27:00	3630	4	0	0	41	1050	0	0	0	
2021-08-04 03:27:00	3630	4	0	0	30	1050	0	0	0	
2021-08-04 03:27:00	3630	4	0	0	30	1050	0	0	0	
2021-08-04 03:28:00	3630	4	0	0	30	1050	0	0	0	
2021-08-04 03:28:00	3630	4	0	0	30	1050	0	0	0	
2021-08-04 03:28:00	3630	4	0	0	30	1050	0	0	0	
2021-08-04 03:29:00	3630	4	0	0	30	1050	0	0	0	
2021-08-04 03:29:00	3630	4	0	0	41	1050	0	0	0	
2021-08-04 03:29:00	3630	4	0	0	41	1050	0	0	0	
2021-08-04 03:30:00	3630	4	0	0	41	1050	0	0	0	
2021-08-04 03:30:00	3630	4	0	0	41	1050	0	0	0	
2021-08-04 03:30:00	3630	4	0	0	30	1050	0	0	0	
2021-08-04 03:31:00	3630	4	0	0	30	1050	0	0	0	
2021-08-04 03:31:00	3630	4	0	0	30	1050	0	0	0	
2021-08-04 03:31:00	3630	4	0	0	30	1050	0	0	0	
2021-08-04 03:32:00	3630	4	0	0	30	1050	0	0	0	
2021-08-04 03:32:00	3630	4	0	0	30	1050	0	0	0	
2021-08-04 03:32:00	3630	4	0	0	30	1050	0	0	0	
2021-08-04 03:33:00	3630	4	0	0	41	1050	0	0	0	
2021-08-04 03:33:00	3630	4	0	0	30	1050	0	0	0	
2021-08-04 03:33:00	3630	4	0	0	30	1050	0	0	0	
2021-08-04 03:34:00	3630	4	0	0	30	1050	0	0	0	
2021-08-04 03:34:00	3630	4	0	0	30	1050	0	0	0	
2021-08-04 03:34:00	3630	4	0	0	30	1050	0	0	0	
2021-08-04 03:35:00	3630	4	0	0	30	1050	0	0	0	
2021-08-04 03:35:00	3630	4	0	0	41	1050	0	0	0	
2021-08-04 03:35:00	3630	4	0	0	41	1050	0	0	0	
2021-08-04 03:36:00	3630	4	0	0	30	1050	0	0	0	
2021-08-04 03:36:00	3630	4	0	0	30	1050	0	0	0	
2021-08-04 03:36:00	3630	4	0	0	30	1050	0	0	0	
2021-08-04 03:37:00	3630	4	0	0	0	1050	0	0	0	
2021-08-04 03:37:00	3630	4	0	0	0	1050	0	0	0	
2021-08-04 03:37:00	3630	4	0	0	0	1050	0	0	0	
2021-08-04 03:38:00	3630	4	0	0	41	1050	0	0	0	
2021-08-04 03:38:00	3630	4	0	0	41	1050	0	0	0	
2021-08-04 03:38:00	3630	4	0	0	30	1050	0	0	0	
2021-08-04 03:39:00	3630	4	0	0	0	1050	0	0	0	
2021-08-04 03:39:00	3630	4	0	0	0	1050	0	0	0	
2021-08-04 03:39:00	3630	4	0	0	0	1050	0	0	0	
2021-08-04 03:40:00	3630	4	0	0	41	1050	0	0	0	
2021-08-04 03:40:00	3630	4	0	0	41	1050	0	0	0	
2021-08-04 03:40:00	3630	4	0	0	51	1050	0	0	0	
2021-08-04 03:41:00	3630	4	0	0	0	1050	0	0	0	
2021-08-04 03:41:00	3630	4	0	0	0	1050	0	0	0	
2021-08-04 03:41:00	3630	4	0	0	0	1050	0	0	0	
2021-08-04 03:42:00	3630	4	0	0	0	1050	0	0	0	
2021-08-04 03:42:00	3630	4	0	0	0	1050	0	0	0	
2021-08-04 03:42:00	3630	4	0	0	0	1050	0	0	0	
2021-08-04 03:43:00	3630	4	0	0	0	1050	0	0	0	
2021-08-04 03:43:00	3630	4	0	0	0	1050	0	0	0	
2021-08-04 03:43:00	3630	4	0	0	0	1050	0	0	0	
2021-08-04 03:44:00	3630	4	0	0	0	1050	0	0	0	
2021-08-04 03:44:00	3630	4	0	0	0	1050	0	0	0	
2021-08-04 03:44:00	3630	4	0	0	0	1050	0	0	0	
2021-08-04 03:45:00	3630	4	0	0	0	1050	0	0	0	
2021-08-04 03:45:00	3630	4	0	0	0	1050	0	0	0	
2021-08-04 03:45:00	3630	4	0	0	0	1050	0	0	0	
2021-08-04 03:46:00	3630	4	0	0	0	1050	0	0	0	
2021-08-04 03:46:00	3630	4	0	0	0	1050	0	0	0	
2021-08-04 03:46:00	3630	4	0	0	0	1050	0	0	0	
2021-08-04 03:47:00	3630	4	0	0	0	1050	0	0	0	
2021-08-04 03:47:00	3630	4	0	0	0	1050	0	0	0	
2021-08-04 03:47:00	3630	4	0	0	0	1050	0	0	0	
2021-08-04 03:48:00	3630	4	0	0	51	1050	0	0	0	
2021-08-04 03:48:00	3630	4	0	0	51	1050	0	0	0	
2021-08-04 03:48:00	3630	4	0	0	41	1050	0	0	0	
2021-08-04 03:49:00	3630	4	0	0	30	1050	0	0	0	
2021-08-04 03:49:00	3630	4	0	0	30	1050	0	0	0	
2021-08-04 03:49:00	3630	4	0	0	30	1050	0	0	0	
2021-08-04 03:50:00	3630	4	0	0	30	1050	0	0	0	
2021-08-04 03:50:00	3630	4	0	0	30	1050	0	0	0	
2021-08-04 03:50:00	3630	4	0	0	30	1050	0	0	0	
2021-08-04 03:51:00	3630	4	0	0	41	1050	0	0	0	
2021-08-04 03:51:00	3630	4	0	0	30	1050	0	0	0	
2021-08-04 03:51:00	3630	4	0	0	41	1050	0	0	0	
2021-08-04 03:52:00	3630	4	0	0	30	1050	0	0	0	
2021-08-04 03:52:00	3630	4	0	0	30	1050	0	0	0	
2021-08-04 03:52:00	3630	4	0	0	30	1050	0	0	0	
2021-08-04 03:53:00	3630	4	0	0	41	1050	0	0	0	
2021-08-04 03:53:00	3630	4	0	0	41	1050	0	0	0	
2021-08-04 03:53:00	3630	4	0	0	41	1050	0	0	0	
2021-08-04 03:54:00	3630	4	0	0	30	1050	0	0	0	
2021-08-04 03:54:00	3630	4	0	0	30	1050	0	0	0	
2021-08-04 03:54:00	3630	4	0	0	30	1050	0	0	0	
2021-08-04 03:55:00	3630	4	0	0	30	1050	0	0	0	
2021-08-04 03:55:00	3630	4	0	0	30	1050	0	0	0	
2021-08-04 03:55:00	3630	4	0	0	41	1050	0	0	0	
2021-08-04 03:56:00	3630	4	0	0	41	1050	0	0	0	
2021-08-04 03:56:00	3630	4	0	0	41	1050	0	0	0	
2021-08-04 03:56:00	3630	4	0	0	41	1050	0	0	0	
2021-08-04 03:57:00	3630	4	0	0	0	1050	0	0	0	
2021-08-04 03:57:00	3630	4	0	0	10	1050	0	0	0	
2021-08-04 03:57:00	3630	4	0	0	0	1050	0	0	0	
2021-08-04 03:58:00	3630	4	0	0	0	1050	0	0	0	
2021-08-04 03:58:00	3630	4	0	0	0	1050	0	0	0	
2021-08-04 03:58:00	3630	4	0	0	0	1050	0	0	0	
2021-08-04 03:59:00	3630	4	0	0	30	1050	0	0	0	
2021-08-04 03:59:00	3630	4	0	0	41	1050	0	0	0	
2021-08-04 03:59:00	3630	4	0	0	30	1050	0	0	0	
2021-08-04 04:00:00	3630	4	0	0	0	1050	0	0	0	
2021-08-04 04:00:00	3630	4	0	0	0	1050	0	0	0	
2021-08-04 04:00:00	3630	4	0	0	0	1050	0	0	0	
2021-08-04 04:01:00	3630	4	0	0	10	1050	0	0	0	
2021-08-04 04:01:00	3630	4	0	0	0	1050	0	0	0	
2021-08-04 04:01:00	3630	4	0	0	0	1050	0	0	0	
2021-08-04 04:02:00	3630	4	0	0	0	1050	0	0	0	
2021-08-04 04:02:00	3630	4	0	0	0	1050	0	0	0	
2021-08-04 04:02:00	3630	4	0	0	0	1050	0	0	0	
2021-08-04 04:03:00	3630	4	0	0	30	1050	0	0	0	
2021-08-04 04:03:00	3630	4	0	0	30	1050	0	0	0	
2021-08-04 04:03:00	3630	4	0	0	30	1050	0	0	0	
2021-08-04 04:04:00	3630	4	0	0	30	1050	0	0	0	
2021-08-04 04:04:00	3630	4	0	0	30	1050	0	0	0	
2021-08-04 04:04:00	3630	4	0	0	30	1050	0	0	0	
2021-08-04 04:05:00	3630	4	0	0	30	1050	0	0	0	
2021-08-04 04:05:00	3630	4	0	0	30	1050	0	0	0	
2021-08-04 04:05:00	3630	4	0	0	30	1050	0	0	0	
2021-08-04 04:06:00	3630	4	0	0	30	1050	0	0	0	
2021-08-04 04:06:00	3630	4	0	0	30	1050	0	0	0	
2021-08-04 04:06:00	3630	4	0	0	30	1050	0	0	0	
2021-08-04 04:07:00	3630	4	0	0	30	1050	0	0	0	
2021-08-04 04:07:00	3630	4	0	0	30	1050	0	0	0	
2021-08-04 04:07:00	3630	4	0	0	30	1050	0	0	0	
2021-08-04 04:08:00	3630	4	0	0	30	1050	0	0	0	
2021-08-04 04:08:00	3630	4	0	0	30	1050	0	0	0	
2021-08-04 04:08:00	3630	4	0	0	30	1050	0	0	0	
2021-08-04 04:09:00	3630	4	0	0	41	1050	0	0	0	
2021-08-04 04:09:00	3630	4	0	0	30	1050	0	0	0	
2021-08-04 04:09:00	3630	4	0	0	30	1050	0	0	0	
2021-08-04 04:10:00	3630	4	0	0	0	1050	0	0	0	
2021-08-04 04:10:00	3630	4	0	0	0	1050	0	0	0	
2021-08-04 04:10:00	3630	4	0	0	0	1050	0	0	0	
2021-08-04 04:11:00	3630	4	0	0	30	1050	0	0	0	
2021-08-04 04:11:00	3630	4	0	0	30	1050	0	0	0	
2021-08-04 04:11:00	3630	4	0	0	30	1050	0	0	0	
2021-08-04 04:12:00	3630	4	0	0	0	1050	0	0	0	
2021-08-04 04:12:00	3630	4	0	0	0	1050	0	0	0	
2021-08-04 04:12:00	3630	4	0	0	0	1050	0	0	0	
2021-08-04 04:13:00	3630	4	0	0	41	1050	0	0	0	
2021-08-04 04:13:00	3630	4	0	0	41	1050	0	0	0	
2021-08-04 04:13:00	3630	4	0	0	41	1050	0	0	0	
2021-08-04 04:14:00	3630	4	0	0	0	1050	0	0	0	
2021-08-04 04:14:00	3630	4	0	0	0	1050	0	0	0	
2021-08-04 04:14:00	3630	4	0	0	0	1050	0	0	0	
2021-08-04 04:15:00	3630	4	0	0	0	1050	0	0	0	
2021-08-04 04:15:00	3630	4	0	0	0	1050	0	0	0	
2021-08-04 04:15:00	3630	4	0	0	0	1050	0	0	0	
2021-08-04 04:16:00	3630	4	0	0	30	1050	0	0	0	
2021-08-04 04:16:00	3630	4	0	0	0	1050	0	0	0	
2021-08-04 04:16:00	3630	4	0	0	0	1050	0	0	0	
2021-08-04 04:16:32	New EWH Initialized
2021-08-04 04:17:00	3630	4	0	0	0	1050	0	0	0	
2021-08-04 04:17:00	3630	4	0	0	0	1050	0	0	0	
2021-08-04 04:17:00	3630	4	0	0	0	1050	0	0	0	
2021-08-04 04:17:00	3630	4	0	0	0	1050	0	0	0	
2021-08-04 04:18:00	3630	4	0	0	0	1050	0	0	0	
2021-08-04 04:18:00	3630	4	1050	0	0	1050	0	0	0	
2021-08-04 04:18:00	3630	4	0	0	0	1050	0	0	0	
2021-08-04 04:18:00	3630	4	0	0	0	1050	0	0	0	
2021-08-04 04:19:00	3630	4	1050	0	0	1050	0	0	0	
2021-08-04 04:19:00	3630	4	0	0	0	1050	0	0	0	
2021-08-04 04:19:00	3630	4	0	0	0	1050	0	0	0	
2021-08-04 04:19:00	3630	4	0	0	0	1050	0	0	0	
2021-08-04 04:20:00	3630	4	0	0	41	1050	0	0	0	
2021-08-04 04:20:00	3630	4	0	0	41	1050	0	0	0	
2021-08-04 04:20:00	3630	4	0	0	41	1050	0	0	0	
2021-08-04 04:20:00	3630	4	1050	0	41	1050	0	0	0	
2021-08-04 04:21:00	3630	4	0	0	0	1050	0	0	0	
2021-08-04 04:21:00	3630	4	1050	0	0	1050	0	0	0	
2021-08-04 04:21:00	3630	4	0	0	0	1050	0	0	0	
2021-08-04 04:21:00	3630	4	0	0	0	1050	0	0	0	
2021-08-04 04:22:00	3630	4	0	0	41	1050	0	0	0	
2021-08-04 04:22:00	3630	4	1050	0	30	1050	0	0	0	
2021-08-04 04:22:00	3630	4	0	0	41	1050	0	0	0	
2021-08-04 04:22:00	3630	4	0	0	41	1050	0	0	0	
2021-08-04 04:23:00	3630	4	0	0	41	1050	0	0	0	
2021-08-04 04:23:00	3630	4	1050	0	30	1050	0	0	0	
2021-08-04 04:23:00	3630	4	0	0	30	1050	0	0	0	
2021-08-04 04:23:00	3630	4	0	0	41	1050	0	0	0	
2021-08-04 04:24:00	3630	4	1050	0	30	1050	0	0	0	
2021-08-04 04:24:00	3630	4	0	0	30	1050	0	0	0	
2021-08-04 04:24:00	3630	4	0	0	30	1050	0	0	0	
2021-08-04 04:24:00	3630	4	0	0	30	1050	0	0	0	
2021-08-04 04:25:00	3630	4	0	0	30	1050	0	0	0	
2021-08-04 04:25:00	3630	4	0	0	30	1050	0	0	0	
2021-08-04 04:25:00	3630	4	0	0	30	1050	0	0	0	
2021-08-04 04:25:00	3630	4	1050	0	30	1050	0	0	0	
2021-08-04 04:26:00	3630	4	0	0	30	1050	0	0	0	
2021-08-04 04:26:00	3630	4	1050	0	30	1050	0	0	0	
2021-08-04 04:26:00	3630	4	0	0	41	1050	0	0	0	
2021-08-04 04:26:00	3630	4	0	0	30	1050	0	0	0	
2021-08-04 04:27:00	3630	4	0	0	30	1050	0	0	0	
2021-08-04 04:27:00	3630	4	1050	0	30	1050	0	0	0	
2021-08-04 04:27:00	3630	4	0	0	41	1050	0	0	0	
2021-08-04 04:27:00	3630	4	0	0	30	1050	0	0	0	
2021-08-04 04:28:00	3630	4	0	0	41	1050	0	0	0	
2021-08-04 04:28:00	3630	4	1050	0	30	1050	0	0	0	
2021-08-04 04:28:00	3630	4	0	0	30	1050	0	0	0	
2021-08-04 04:28:00	3630	4	0	0	30	1050	0	0	0	
2021-08-04 04:29:00	3630	4	0	0	41	1050	0	0	0	
2021-08-04 04:29:00	3630	4	1050	0	41	1050	0	0	0	
2021-08-04 04:29:00	3630	4	0	0	41	1050	0	0	0	
2021-08-04 04:29:00	3630	4	0	0	41	1050	0	0	0	
2021-08-04 04:30:00	3630	4	0	0	0	1050	0	0	0	
2021-08-04 04:30:00	3630	4	1050	0	0	1050	0	0	0	
2021-08-04 04:30:00	3630	4	0	0	0	1050	0	0	0	
2021-08-04 04:30:00	3630	4	0	0	0	1050	0	0	0	
2021-08-04 04:31:00	3630	4	0	0	41	1050	0	0	0	
2021-08-04 04:31:00	3630	4	1050	0	41	1050	0	0	0	
2021-08-04 04:31:00	3630	4	0	0	41	1050	0	0	0	
2021-08-04 04:31:00	3630	4	0	0	41	1050	0	0	0	
2021-08-04 04:32:00	3630	4	1050	0	41	1050	0	0	0	
2021-08-04 04:32:00	3630	4	0	0	41	1050	0	0	0	
2021-08-04 04:32:00	3630	4	0	0	41	1050	0	0	0	
2021-08-04 04:32:00	3630	4	0	0	41	1050	0	0	0	
2021-08-04 04:33:00	3630	4	1050	0	320	1050	0	0	0	
2021-08-04 04:33:00	3630	4	0	0	320	1050	0	0	0	
2021-08-04 04:33:00	3630	4	0	0	320	1050	0	0	0	
2021-08-04 04:33:00	3630	4	0	0	320	1050	0	0	0	
2021-08-04 04:34:00	3630	4	1050	0	330	1050	0	0	0	
2021-08-04 04:34:00	3630	3	0	800	330	1050	0	0	0	
2021-08-04 04:34:00	3630	3	0	0	330	1050	0	0	0	
2021-08-04 04:34:00	3630	3	0	0	330	1050	0	0	0	
2021-08-04 04:35:00	3630	3	0	800	350	1050	0	0	0	
2021-08-04 04:35:00	3630	3	0	0	361	1050	0	0	0	
2021-08-04 04:35:00	3630	4	1050	0	350	1050	0	0	0	
2021-08-04 04:35:00	3630	3	0	800	361	1050	0	0	0	
2021-08-04 04:36:00	3630	4	0	0	30	1050	0	0	0	
2021-08-04 04:36:00	3630	4	1050	0	41	1050	0	0	0	
2021-08-04 04:36:00	3630	4	0	800	41	1050	0	0	0	
2021-08-04 04:36:00	3630	4	0	800	41	1125	0	0	0	
2021-08-04 04:37:00	3630	4	0	0	30	1050	0	0	0	
2021-08-04 04:37:00	3630	4	1050	0	30	1050	0	0	0	
2021-08-04 04:37:00	3630	4	0	0	30	1050	0	0	0	
2021-08-04 04:37:00	3630	4	0	800	41	1050	0	0	0	
2021-08-04 04:38:00	3630	4	1050	0	30	1050	0	0	0	
2021-08-04 04:38:00	3630	4	0	0	30	1050	0	0	0	
2021-08-04 04:38:00	3630	4	0	800	30	1050	0	0	0	
2021-08-04 04:38:00	3630	4	0	0	30	1050	0	0	0	
2021-08-04 04:39:00	3630	4	1050	0	0	1050	0	0	0	
2021-08-04 04:39:00	3630	4	0	0	0	1050	0	0	0	
2021-08-04 04:39:00	3630	4	0	0	0	1050	0	0	0	
2021-08-04 04:39:00	3630	4	0	0	0	1050	0	0	0	
2021-08-04 04:40:00	3630	4	0	0	41	1125	0	0	0	
2021-08-04 04:40:00	3630	4	0	0	30	1050	0	0	0	
2021-08-04 04:40:00	3630	4	1050	0	30	1125	0	0	0	
2021-08-04 04:40:00	3630	4	0	0	41	1125	0	0	0	
2021-08-04 04:41:00	3630	4	0	0	30	1050	0	0	0	
2021-08-04 04:41:00	3630	4	1050	0	30	1125	0	0	0	
2021-08-04 04:41:00	3630	4	0	0	30	1050	0	0	0	
2021-08-04 04:41:00	3630	4	0	0	30	1125	0	0	0	
2021-08-04 04:42:00	3630	4	0	0	30	1050	0	0	0	
2021-08-04 04:42:00	3630	4	1050	0	41	1050	0	0	0	
2021-08-04 04:42:00	3630	4	0	0	41	1050	0	0	0	
2021-08-04 04:42:00	3630	4	0	0	30	1125	0	0	0	
2021-08-04 04:43:00	3630	4	0	0	41	1050	0	0	0	
2021-08-04 04:43:00	3630	4	1050	0	41	1050	0	0	0	
2021-08-04 04:43:00	3630	4	0	0	30	1050	0	0	0	
2021-08-04 04:43:00	3630	4	0	0	30	1125	0	0	0	
2021-08-04 04:44:00	3630	4	1050	0	41	1050	0	0	0	
2021-08-04 04:44:00	3630	4	0	0	41	1050	0	0	0	
2021-08-04 04:44:00	3630	4	0	0	41	1050	0	0	0	
2021-08-04 04:44:00	3630	4	0	0	41	1050	0	0	0	
2021-08-04 04:45:00	3630	4	0	0	30	1125	0	0	0	
2021-08-04 04:45:00	3630	4	0	0	30	1050	0	0	0	
2021-08-04 04:45:00	3630	4	1050	0	30	1050	0	0	0	
2021-08-04 04:45:00	3630	4	0	0	30	1125	0	0	0	
2021-08-04 04:46:00	3630	4	0	0	41	1050	0	0	0	
2021-08-04 04:46:00	3630	4	1050	0	30	1050	0	0	0	
2021-08-04 04:46:00	3630	4	0	0	41	1125	0	0	0	
2021-08-04 04:46:00	3630	4	0	0	30	1050	0	0	0	
2021-08-04 04:47:00	3630	4	0	0	10	1050	0	0	0	
2021-08-04 04:47:00	3630	4	1050	0	0	1050	0	0	0	
2021-08-04 04:47:00	3630	4	0	0	0	1125	0	0	0	
2021-08-04 04:47:00	3630	4	0	0	0	1050	0	0	0	
2021-08-04 04:48:00	3630	4	0	0	0	1050	0	0	0	
2021-08-04 04:48:00	3630	4	1050	0	0	1050	0	0	0	
2021-08-04 04:48:00	3630	4	0	0	0	1125	0	0	0	
2021-08-04 04:48:00	3630	4	0	0	0	1050	0	0	0	
2021-08-04 04:49:00	3630	4	1050	0	30	1125	0	0	0	
2021-08-04 04:49:00	3630	4	0	0	30	1125	0	0	0	
2021-08-04 04:49:00	3630	4	0	0	30	1050	0	0	0	
2021-08-04 04:49:00	3630	4	0	0	30	1050	0	0	0	
2021-08-04 04:50:00	3630	4	0	0	412	1050	0	0	0	
2021-08-04 04:50:00	3630	4	0	0	412	1050	0	0	0	
2021-08-04 04:50:00	3630	4	1050	0	412	1125	0	0	0	
2021-08-04 04:50:00	3630	4	0	0	412	1125	0	0	0	
2021-08-04 04:51:00	3630	4	0	0	340	1050	0	0	0	
2021-08-04 04:51:00	3630	4	1050	0	340	1050	0	0	0	
2021-08-04 04:51:00	3630	4	0	0	340	1050	0	0	0	
2021-08-04 04:51:00	3630	4	0	0	340	1125	0	0	0	
2021-08-04 04:52:00	3630	2	1050	0	361	1050	0	0	0	
2021-08-04 04:52:00	3630	2	0	0	371	1050	0	0	0	
2021-08-04 04:52:00	3630	4	0	800	371	1125	0	0	0	
2021-08-04 04:52:00	3630	4	0	800	361	1125	0	0	0	
2021-08-04 04:53:00	3630	2	1050	800	41	1050	0	0	0	
2021-08-04 04:53:00	3630	2	0	0	41	1050	0	0	0	
2021-08-04 04:53:00	3630	2	0	800	41	1125	0	0	0	
2021-08-04 04:53:00	3630	4	0	800	41	1125	0	0	0	
2021-08-04 04:54:00	3630	4	1050	800	30	1050	0	0	0	
2021-08-04 04:54:00	3630	4	0	0	30	1050	0	0	0	
2021-08-04 04:54:00	3630	4	0	0	30	1050	0	0	0	
2021-08-04 04:54:00	3630	4	0	800	30	1125	0	0	0	
2021-08-04 04:55:00	3630	4	0	0	30	1050	0	0	0	
2021-08-04 04:55:00	3630	4	1050	800	30	1050	0	0	0	
2021-08-04 04:55:00	3630	4	0	0	30	1050	0	0	0	
2021-08-04 04:55:00	3630	4	0	0	30	1050	0	0	0	
2021-08-04 04:56:00	3630	4	0	0	30	1050	0	0	0	
2021-08-04 04:56:00	3630	4	1050	0	30	1050	0	0	0	
2021-08-04 04:56:00	3630	4	0	0	30	1050	0	0	0	
2021-08-04 04:56:00	3630	4	0	0	30	1050	0	0	0	
2021-08-04 04:57:00	3630	4	0	0	0	1050	0	0	0	
2021-08-04 04:57:00	3630	4	1050	0	0	1050	0	0	0	
2021-08-04 04:57:00	3630	4	0	0	0	1050	0	0	0	
2021-08-04 04:57:00	3630	4	0	0	0	1050	0	0	0	
2021-08-04 04:58:00	3630	4	1050	0	0	1050	0	0	0	
2021-08-04 04:58:00	3630	4	0	0	0	1050	0	0	0	
2021-08-04 04:58:00	3630	4	0	0	0	1050	0	0	0	
2021-08-04 04:58:00	3630	4	0	0	0	1050	0	0	0	
2021-08-04 04:59:00	3630	4	1050	0	0	1050	0	0	0	
2021-08-04 04:59:00	3630	4	0	0	0	1050	0	0	0	
2021-08-04 04:59:00	3630	4	0	0	0	1050	0	0	0	
2021-08-04 04:59:00	3630	4	0	0	0	1050	0	0	0	
2021-08-04 05:00:00	3630	4	0	0	0	1050	0	0	0	
2021-08-04 05:00:00	3630	4	0	0	0	1050	0	0	0	
2021-08-04 05:00:00	3630	4	1050	0	0	1050	0	0	0	
2021-08-04 05:00:00	3630	4	0	0	0	1050	0	0	0	
2021-08-04 05:01:00	3630	4	0	0	0	1050	0	0	0	
2021-08-04 05:01:00	3630	4	0	0	0	1050	0	0	0	
2021-08-04 05:01:00	3630	4	1050	0	0	1050	0	0	0	
2021-08-04 05:01:00	3630	4	0	0	0	1050	0	0	0	
2021-08-04 05:02:00	3630	4	0	0	0	1050	0	0	0	
2021-08-04 05:02:00	3630	4	1050	0	0	1050	0	0	0	
2021-08-04 05:02:00	3630	4	0	0	0	1050	0	0	0	
2021-08-04 05:02:00	3630	4	0	0	0	1050	0	0	0	
2021-08-04 05:03:00	3630	4	1050	0	0	1050	0	0	0	
2021-08-04 05:03:00	3630	4	0	0	0	1050	0	0	0	
2021-08-04 05:03:00	3630	4	0	0	0	1050	0	0	0	
2021-08-04 05:03:00	3630	4	0	0	0	1050	0	0	0	
2021-08-04 05:04:00	3630	4	1050	0	0	1050	0	0	0	
2021-08-04 05:04:00	3630	4	0	0	0	1050	0	0	0	
2021-08-04 05:04:00	3630	4	0	0	0	1050	0	0	0	
2021-08-04 05:04:00	3630	4	0	0	0	1050	0	0	0	
2021-08-04 05:05:00	3630	4	0	0	0	1050	0	0	0	
2021-08-04 05:05:00	3630	4	0	0	0	1050	0	0	0	
2021-08-04 05:05:00	3630	4	1050	0	0	1050	0	0	0	
2021-08-04 05:05:00	3630	4	0	0	0	1050	0	0	0	
2021-08-04 05:06:00	3630	4	0	0	0	1050	0	0	0	
2021-08-04 05:06:00	3630	4	0	0	0	1050	0	0	0	
2021-08-04 05:06:00	3630	4	1050	0	0	1050	0	0	0	
2021-08-04 05:06:00	3630	4	0	0	0	1050	0	0	0	
2021-08-04 05:07:00	3630	4	0	0	41	1050	0	0	0	
2021-08-04 05:07:00	3630	4	1050	0	41	1050	0	0	0	
2021-08-04 05:07:00	3630	4	0	0	41	1050	0	0	0	
2021-08-04 05:07:00	3630	4	0	0	41	1050	0	0	0	
2021-08-04 05:08:00	3630	4	1050	0	0	1050	0	0	0	
2021-08-04 05:08:00	3630	4	0	0	0	1050	0	0	0	
2021-08-04 05:08:00	3630	4	0	0	0	1050	0	0	0	
2021-08-04 05:08:00	3630	4	0	0	0	1050	0	0	0	
2021-08-04 05:09:00	3630	4	1050	0	0	1050	0	0	0	
2021-08-04 05:09:00	3630	4	0	0	0	1050	0	0	0	
2021-08-04 05:09:00	3630	4	0	0	0	1050	0	0	0	
2021-08-04 05:09:00	3630	4	0	0	0	1050	0	0	0	
2021-08-04 05:10:00	3630	4	0	0	0	1050	0	0	0	
2021-08-04 05:10:00	3630	4	0	0	0	1050	0	0	0	
2021-08-04 05:10:00	3630	4	1050	0	0	1050	0	0	0	
2021-08-04 05:10:00	3630	4	0	0	0	1050	0	0	0	
2021-08-04 05:11:00	3630	4	0	0	0	1050	0	0	0	
2021-08-04 05:11:00	3630	4	0	0	0	1050	0	0	0	
2021-08-04 05:11:00	3630	4	1050	0	0	1050	0	0	0	
2021-08-04 05:11:00	3630	4	0	0	0	1050	0	0	0	
2021-08-04 05:12:00	3630	4	0	0	0	1050	0	0	0	
2021-08-04 05:12:00	3630	4	0	0	0	1050	0	0	0	
2021-08-04 05:12:00	3630	4	1050	0	0	1050	0	0	0	
2021-08-04 05:12:00	3630	4	0	0	0	1050	0	0	0	
2021-08-04 05:13:00	3630	4	0	0	0	1050	0	0	0	
2021-08-04 05:13:00	3630	4	1050	0	0	1050	0	0	0	
2021-08-04 05:13:00	3630	4	0	0	0	1050	0	0	0	
2021-08-04 05:13:00	3630	4	0	0	0	1050	0	0	0	
2021-08-04 05:14:00	3630	4	0	0	30	1050	0	0	0	
2021-08-04 05:14:00	3630	4	0	0	30	1050	0	0	0	
2021-08-04 05:14:00	3630	4	0	0	30	1050	0	0	0	
2021-08-04 05:14:00	3630	4	1050	0	30	1050	0	0	0	
2021-08-04 05:15:00	3630	4	0	0	30	1050	0	0	0	
2021-08-04 05:15:00	3630	4	0	0	30	1050	0	0	0	
2021-08-04 05:15:00	3630	4	1050	0	41	1050	0	0	0	
2021-08-04 05:15:00	3630	4	0	0	30	1050	0	0	0	
2021-08-04 05:16:00	3630	4	0	0	30	1050	0	0	0	
2021-08-04 05:16:00	3630	4	0	0	30	1050	0	0	0	
2021-08-04 05:16:00	3630	4	1050	0	30	1050	0	0	0	
2021-08-04 05:16:00	3630	4	0	0	30	1050	0	0	0	
2021-08-04 05:17:00	3630	4	0	0	30	1050	0	0	0	
2021-08-04 05:17:00	3630	4	0	0	30	1050	0	0	0	
2021-08-04 05:17:00	3630	4	1050	0	30	1050	0	0	0	
2021-08-04 05:17:00	3630	4	0	0	30	1050	0	0	0	
2021-08-04 05:18:00	3630	4	0	0	30	1050	0	0	0	
2021-08-04 05:18:00	3630	4	1050	0	30	1050	0	0	0	
2021-08-04 05:18:00	3630	4	0	0	41	1050	0	0	0	
2021-08-04 05:18:00	3630	4	0	0	30	1050	0	0	0	
2021-08-04 05:19:00	3630	4	0	0	41	1050	0	0	0	
2021-08-04 05:19:00	3630	4	0	0	30	1050	0	0	0	
2021-08-04 05:19:00	3630	4	0	0	30	1050	0	0	0	
2021-08-04 05:19:00	3630	4	1050	0	30	1050	0	0	0	
2021-08-04 05:20:00	3630	4	0	0	41	1050	0	0	0	
2021-08-04 05:20:00	3630	4	1050	0	30	1050	0	0	0	
2021-08-04 05:20:00	3630	4	0	0	30	1050	0	0	0	
2021-08-04 05:20:00	3630	4	0	0	41	1050	0	0	0	
2021-08-04 05:21:00	3630	4	0	0	0	1050	0	0	0	
2021-08-04 05:21:00	3630	4	1050	0	0	1050	0	0	0	
2021-08-04 05:21:00	3630	4	0	0	0	1050	0	0	0	
2021-08-04 05:21:00	3630	4	0	0	0	1050	0	0	0	
2021-08-04 05:22:00	3630	4	0	0	0	1050	0	0	0	
2021-08-04 05:22:00	3630	4	1050	0	0	1050	0	0	0	
2021-08-04 05:22:00	3630	4	0	0	0	1050	0	0	0	
2021-08-04 05:22:00	3630	4	0	0	0	1050	0	0	0	
2021-08-04 05:23:00	3630	4	0	0	41	1050	0	0	0	
2021-08-04 05:23:00	3630	4	1050	0	41	1050	0	0	0	
2021-08-04 05:23:00	3630	4	0	0	41	1050	0	0	0	
2021-08-04 05:23:00	3630	4	0	0	41	1050	0	0	0	
2021-08-04 05:24:00	3630	4	0	0	30	1050	0	0	0	
2021-08-04 05:24:00	3630	4	0	0	30	1050	0	0	0	
2021-08-04 05:24:00	3630	4	0	0	30	1050	0	0	0	
2021-08-04 05:24:00	3630	4	1050	0	30	1050	0	0	0	
2021-08-04 05:25:00	3630	4	1050	0	41	1050	0	0	0	
2021-08-04 05:25:00	3630	4	0	0	41	1050	0	0	0	
2021-08-04 05:25:00	3630	4	0	0	30	1050	0	0	0	
2021-08-04 05:25:00	3630	4	0	0	41	1050	0	0	0	
2021-08-04 05:26:00	3630	4	975	0	30	1050	0	0	0	
2021-08-04 05:26:00	3630	4	0	0	30	1050	0	0	0	
2021-08-04 05:26:00	3630	4	0	0	30	1050	0	0	0	
2021-08-04 05:26:00	3630	4	0	0	30	1050	0	0	0	
2021-08-04 05:27:00	3630	4	975	0	30	1050	0	0	0	
2021-08-04 05:27:00	3630	4	0	0	30	1050	0	0	0	
2021-08-04 05:27:00	3630	4	0	0	30	1050	0	0	0	
2021-08-04 05:27:00	3630	4	0	0	30	1050	0	0	0	
2021-08-04 05:28:00	3630	4	975	0	41	1050	0	0	0	
2021-08-04 05:28:00	3630	4	0	0	30	1050	0	0	0	
2021-08-04 05:28:00	3630	4	0	0	30	1050	0	0	0	
2021-08-04 05:28:00	3630	4	0	0	30	1050	0	0	0	
2021-08-04 05:29:00	3630	4	975	0	30	1050	0	0	0	
2021-08-04 05:29:00	3630	4	0	0	30	1050	0	0	0	
2021-08-04 05:29:00	3630	4	0	0	30	1050	0	0	0	
2021-08-04 05:29:00	3630	4	0	0	30	1050	0	0	0	
2021-08-04 05:30:00	3630	4	0	0	0	1050	0	0	0	
2021-08-04 05:30:00	3630	4	975	0	0	1050	0	0	0	
2021-08-04 05:30:00	3630	4	0	0	0	1050	0	0	0	
2021-08-04 05:30:00	3630	4	0	0	0	1050	0	0	0	
2021-08-04 05:31:00	3630	4	975	0	30	1050	0	0	0	
2021-08-04 05:31:00	3630	4	0	0	41	1050	0	0	0	
2021-08-04 05:31:00	3630	4	0	0	30	1050	0	0	0	
2021-08-04 05:31:00	3630	4	0	0	30	1050	0	0	0	
2021-08-04 05:32:00	3630	4	975	0	30	1050	0	0	0	
2021-08-04 05:32:00	3630	4	0	0	30	1050	0	0	0	
2021-08-04 05:32:00	3630	4	0	0	30	1050	0	0	0	
2021-08-04 05:32:00	3630	4	0	0	30	1050	0	0	0	
2021-08-04 05:33:00	3630	4	975	0	30	1050	0	0	0	
2021-08-04 05:33:00	3630	4	0	0	30	1050	0	0	0	
2021-08-04 05:33:00	3630	4	0	0	30	1050	0	0	0	
2021-08-04 05:33:00	3630	4	0	0	30	1050	0	0	0	
2021-08-04 05:34:00	3630	4	975	0	30	1050	0	0	0	
2021-08-04 05:34:00	3630	4	0	0	30	1050	0	0	0	
2021-08-04 05:34:00	3630	4	0	0	30	1050	0	0	0	
2021-08-04 05:34:00	3630	4	0	0	30	1050	0	0	0	
2021-08-04 05:35:00	3630	4	0	0	41	1050	0	0	0	
2021-08-04 05:35:00	3630	4	0	0	30	1050	0	0	0	
2021-08-04 05:35:00	3630	4	975	0	41	1050	0	0	0	
2021-08-04 05:35:00	3630	4	0	0	30	1050	0	0	0	
2021-08-04 05:36:00	3630	4	0	0	30	1050	0	0	0	
2021-08-04 05:36:00	3630	4	975	0	30	1050	0	0	0	
2021-08-04 05:36:00	3630	4	0	0	41	1050	0	0	0	
2021-08-04 05:36:00	3630	4	0	0	30	1050	0	0	0	
2021-08-04 05:37:00	3630	4	975	0	41	1050	0	0	0	
2021-08-04 05:37:00	3630	4	0	0	30	1050	0	0	0	
2021-08-04 05:37:00	3630	4	0	0	30	1050	0	0	0	
2021-08-04 05:37:00	3630	4	0	0	30	1050	0	0	0	
2021-08-04 05:38:00	3630	4	0	0	30	1050	0	0	0	
2021-08-04 05:38:00	3630	4	975	0	30	1050	0	0	0	
2021-08-04 05:38:00	3630	4	0	0	30	1050	0	0	0	
2021-08-04 05:38:00	3630	4	0	0	30	1050	0	0	0	
2021-08-04 05:39:00	3630	4	0	0	30	1050	0	0	0	
2021-08-04 05:39:00	3630	4	0	0	30	1050	0	0	0	
2021-08-04 05:39:00	3630	4	0	0	30	1050	0	0	0	
2021-08-04 05:39:00	3630	4	975	0	30	1050	0	0	0	
2021-08-04 05:40:00	3630	4	0	0	30	1050	0	0	0	
2021-08-04 05:40:00	3630	4	0	0	41	1050	0	0	0	
2021-08-04 05:40:00	3630	4	975	0	41	1050	0	0	0	
2021-08-04 05:40:00	3630	4	0	0	30	1050	0	0	0	
2021-08-04 05:41:00	3630	4	0	0	30	1050	0	0	0	
2021-08-04 05:41:00	3630	4	0	0	30	1050	0	0	0	
2021-08-04 05:41:00	3630	4	975	0	30	1050	0	0	0	
2021-08-04 05:41:00	3630	4	0	0	30	1050	0	0	0	
2021-08-04 05:42:00	3630	4	0	0	30	1050	0	0	0	
2021-08-04 05:42:00	3630	4	975	0	30	1050	0	0	0	
2021-08-04 05:42:00	3630	4	0	0	30	1050	0	0	0	
2021-08-04 05:42:00	3630	4	0	0	30	1050	0	0	0	
2021-08-04 05:43:00	3630	4	0	0	30	1050	0	0	0	
2021-08-04 05:43:00	3630	4	0	0	30	1050	0	0	0	
2021-08-04 05:43:00	3630	4	0	0	30	1050	0	0	0	
2021-08-04 05:44:00	3630	4	0	0	30	1050	0	0	0	
2021-08-04 05:44:00	3630	4	0	0	30	1050	0	0	0	
2021-08-04 05:44:00	3630	4	0	0	30	1050	0	0	0	
2021-08-04 05:45:00	3630	4	0	0	30	1050	0	0	0	
2021-08-04 05:45:00	3630	4	0	0	30	1050	0	0	0	
2021-08-04 05:45:00	3630	4	0	0	30	1050	0	0	0	
2021-08-04 05:46:00	3630	4	0	0	30	1050	0	0	0	
2021-08-04 05:46:00	3630	4	0	0	30	1050	0	0	0	
2021-08-04 05:46:00	3630	4	0	0	41	1050	0	0	0	
2021-08-04 05:47:00	3630	4	0	0	30	1050	0	0	0	
2021-08-04 05:47:00	3630	4	0	0	41	1050	0	0	0	
2021-08-04 05:47:00	3630	4	0	0	30	1050	0	0	0	
2021-08-04 05:48:00	3630	4	0	0	0	1050	0	0	0	
2021-08-04 05:48:00	3630	4	0	0	0	1050	0	0	0	
2021-08-04 05:48:00	3630	4	0	0	0	1050	0	0	0	
2021-08-04 05:49:00	3630	4	0	0	41	1050	0	0	0	
2021-08-04 05:49:00	3630	4	0	0	41	1050	0	0	0	
2021-08-04 05:49:00	3630	4	0	0	41	1050	0	0	0	
2021-08-04 05:50:00	3630	4	0	0	0	1050	0	0	0	
2021-08-04 05:50:00	3630	4	0	0	0	1050	0	0	0	
2021-08-04 05:50:00	3630	4	0	0	0	1050	0	0	0	
2021-08-04 05:51:00	3630	4	0	0	41	1050	0	0	0	
2021-08-04 05:51:00	3630	4	0	0	41	1050	0	0	0	
2021-08-04 05:51:00	3630	4	0	0	41	1050	0	0	0	
2021-08-04 05:52:00	3630	4	0	0	30	1050	0	0	0	
2021-08-04 05:52:00	3630	4	0	0	30	1050	0	0	0	
2021-08-04 05:52:00	3630	4	0	0	30	1050	0	0	0	
2021-08-04 05:53:00	3630	4	0	0	392	1050	0	0	0	
2021-08-04 05:53:00	3630	4	0	0	402	1050	0	0	0	
2021-08-04 05:53:00	3630	4	0	0	402	1050	0	0	0	
2021-08-04 05:54:00	3630	4	0	0	320	1050	0	0	0	
2021-08-04 05:54:00	3630	4	0	0	320	1050	0	0	0	
2021-08-04 05:54:00	3630	4	0	0	320	1050	0	0	0	
2021-08-04 05:55:00	3630	4	0	800	350	1125	0	0	0	
2021-08-04 05:55:00	3630	3	0	0	350	1050	0	0	0	
2021-08-04 05:55:00	3630	4	0	0	350	1050	0	0	0	
2021-08-04 05:56:00	3630	3	0	0	30	1050	0	0	0	
2021-08-04 05:56:00	3630	4	0	800	41	1125	0	0	0	
2021-08-04 05:56:00	3630	4	0	800	41	1050	0	0	0	
2021-08-04 05:57:00	3630	4	0	0	30	1050	0	0	0	
2021-08-04 05:57:00	3630	4	0	0	30	1050	0	0	0	
2021-08-04 05:57:00	3630	4	0	0	30	1050	0	0	0	
2021-08-04 05:58:00	3630	4	0	0	30	1050	0	0	0	
2021-08-04 05:58:00	3630	4	0	0	30	1050	0	0	0	
2021-08-04 05:58:00	3630	4	0	0	41	1050	0	0	0	
2021-08-04 05:59:00	3630	4	0	0	41	1050	0	0	0	
2021-08-04 05:59:00	3630	4	0	0	51	1050	0	0	0	
2021-08-04 05:59:00	3630	4	0	0	30	1050	0	0	0	
2021-08-04 06:00:00	3630	4	0	0	0	1050	0	0	0	
2021-08-04 06:00:00	3630	4	0	0	0	1050	0	0	0	
2021-08-04 06:00:00	3630	4	0	0	0	1050	0	0	0	
2021-08-04 06:01:00	3630	4	0	0	0	1050	0	0	0	
2021-08-04 06:01:00	3630	4	0	0	0	1050	0	0	0	
2021-08-04 06:01:00	3630	4	0	0	0	1050	0	0	0	
2021-08-04 06:02:00	3630	4	0	0	41	1050	0	0	0	
2021-08-04 06:02:00	3630	4	0	0	41	1050	0	0	0	
2021-08-04 06:02:00	3630	4	0	0	41	1050	0	0	0	
2021-08-04 06:03:00	3630	4	0	0	30	1050	0	0	0	
2021-08-04 06:03:00	3630	4	0	0	30	1050	0	0	0	
2021-08-04 06:03:00	3630	4	0	0	30	1050	0	0	0	
2021-08-04 06:04:00	3630	4	0	0	30	1050	0	0	0	
2021-08-04 06:04:00	3630	4	0	0	30	1050	0	0	0	
2021-08-04 06:04:00	3630	4	0	0	30	1050	0	0	0	
2021-08-04 06:05:00	3630	4	0	0	30	1050	0	0	0	
2021-08-04 06:05:00	3630	4	0	0	30	1050	0	0	0	
2021-08-04 06:05:00	3630	4	0	0	30	1050	0	0	0	
2021-08-04 06:06:00	3630	4	0	0	30	1050	0	0	0	
2021-08-04 06:06:00	3630	4	0	0	41	1050	0	0	0	
2021-08-04 06:06:00	3630	4	0	0	30	1050	0	0	0	
2021-08-04 06:07:00	3630	4	0	0	30	1050	0	0	0	
2021-08-04 06:07:00	3630	4	0	0	30	1050	0	0	0	
2021-08-04 06:07:00	3630	4	0	0	30	1050	0	0	0	
2021-08-04 06:08:00	3630	4	0	0	30	1050	0	0	0	
2021-08-04 06:08:00	3630	4	0	0	30	1050	0	0	0	
2021-08-04 06:08:00	3630	4	0	0	30	1050	0	0	0	
2021-08-04 06:09:00	3630	4	0	0	0	1050	0	0	0	
2021-08-04 06:09:00	3630	4	0	0	0	1050	0	0	0	
2021-08-04 06:09:00	3630	4	0	0	0	1050	0	0	0	
2021-08-04 06:10:00	3630	4	0	0	41	1050	0	0	0	
2021-08-04 06:10:00	3630	4	0	0	30	1050	0	0	0	
2021-08-04 06:10:00	3630	4	0	0	30	1050	0	0	0	
2021-08-04 06:11:00	3630	4	0	0	41	1050	0	0	0	
2021-08-04 06:11:00	3630	4	0	0	30	1050	0	0	0	
2021-08-04 06:11:00	3630	4	0	0	30	1050	0	0	0	
2021-08-04 06:12:00	3630	4	0	0	30	1050	0	0	0	
2021-08-04 06:12:00	3630	4	0	0	30	1050	0	0	0	
2021-08-04 06:12:00	3630	4	0	0	30	1050	0	0	0	
2021-08-04 06:13:00	3630	4	0	0	30	1050	0	0	0	
2021-08-04 06:13:00	3630	4	0	0	30	1050	0	0	0	
2021-08-04 06:13:00	3630	4	0	0	41	1050	0	0	0	
2021-08-04 06:14:00	3630	4	0	0	30	1050	0	0	0	
2021-08-04 06:14:00	3630	4	0	0	30	1050	0	0	0	
2021-08-04 06:14:00	3630	4	0	0	30	1050	0	0	0	
2021-08-04 06:15:00	3630	4	0	0	30	1050	0	0	0	
2021-08-04 06:15:00	3630	4	0	0	30	1050	0	0	0	
2021-08-04 06:15:00	3630	4	0	0	30	1050	0	0	0	
2021-08-04 06:16:00	3630	4	0	0	30	1050	0	0	0	
2021-08-04 06:16:00	3630	4	0	0	30	1050	0	0	0	
2021-08-04 06:16:00	3630	4	0	0	30	1050	0	0	0	
2021-08-04 06:17:00	3630	4	0	0	41	1050	0	0	0	
2021-08-04 06:17:00	3630	4	0	0	41	1050	0	0	0	
2021-08-04 06:17:00	3630	4	0	0	41	1050	0	0	0	
2021-08-04 06:18:00	3630	4	0	0	330	1050	0	0	0	
2021-08-04 06:18:00	3630	4	0	0	330	1050	0	0	0	
2021-08-04 06:18:00	3630	4	0	0	330	1050	0	0	0	
2021-08-04 06:19:00	3630	2	0	0	350	1050	0	0	0	
2021-08-04 06:19:00	3630	4	0	0	350	1050	0	0	0	
2021-08-04 06:19:00	3630	4	0	0	350	1050	0	0	0	
2021-08-04 06:20:00	3630	2	0	0	371	1050	0	0	0	
2021-08-04 06:20:00	3630	3	0	0	371	1050	0	0	0	
2021-08-04 06:20:00	3630	2	0	800	371	1050	0	0	0	
2021-08-04 06:21:00	3630	4	0	0	41	1050	0	0	0	
2021-08-04 06:21:00	3630	4	0	0	41	1050	0	0	0	
2021-08-04 06:21:00	3630	4	0	800	41	1050	0	0	0	
2021-08-04 06:22:00	3630	4	0	0	30	1050	0	0	0	
2021-08-04 06:22:00	3630	4	0	0	30	1050	0	0	0	
2021-08-04 06:22:00	3630	4	0	0	30	1050	0	0	0	
2021-08-04 06:23:00	3630	4	0	0	30	1050	0	0	0	
2021-08-04 06:23:00	3630	4	0	0	30	1050	0	0	0	
2021-08-04 06:23:00	3630	4	0	0	30	1050	0	0	0	
2021-08-04 06:24:00	3630	4	0	0	0	1050	0	0	0	
2021-08-04 06:24:00	3630	4	0	0	0	1050	0	0	0	
2021-08-04 06:24:00	3630	4	0	0	0	1050	0	0	0	
2021-08-04 06:25:00	3630	4	0	0	41	1050	0	0	0	
2021-08-04 06:25:00	3630	4	0	0	41	1050	0	0	0	
2021-08-04 06:25:00	3630	4	0	0	41	1050	0	0	0	
2021-08-04 06:26:00	3630	4	0	0	340	1050	0	0	0	
2021-08-04 06:26:00	3630	4	0	0	340	1050	0	0	0	
2021-08-04 06:26:00	3630	4	0	0	340	1050	0	0	0	
2021-08-04 06:27:00	3630	4	0	0	381	1050	0	0	0	
2021-08-04 06:27:00	3630	4	0	0	371	1050	0	0	0	
2021-08-04 06:27:00	3630	2	0	0	371	1050	0	0	0	
2021-08-04 06:28:00	3630	3	0	800	371	975	0	0	0	
2021-08-04 06:28:00	3630	2	0	0	381	1050	0	0	0	
2021-08-04 06:28:00	3630	3	0	0	381	1050	0	0	0	
2021-08-04 06:29:00	3630	4	0	0	41	1050	0	0	0	
2021-08-04 06:29:00	3630	4	0	0	41	900	0	0	0	
2021-08-04 06:29:00	3630	2	0	800	41	975	0	0	0	
2021-08-04 06:30:00	3630	4	0	0	30	1050	0	0	0	
2021-08-04 06:30:00	3630	4	0	0	41	1050	0	0	0	
2021-08-04 06:30:00	3630	4	0	0	30	1050	0	0	0	
2021-08-04 06:31:00	3630	4	0	0	30	1050	0	0	0	
2021-08-04 06:31:00	3630	4	0	0	30	1050	0	0	0	
2021-08-04 06:31:00	3630	4	0	0	30	1050	0	0	0	
2021-08-04 06:32:00	3630	4	0	0	41	1050	0	0	0	
2021-08-04 06:32:00	3630	4	0	0	41	1050	0	0	0	
2021-08-04 06:32:00	3630	4	0	0	30	1050	0	0	0	
2021-08-04 06:33:00	3630	4	0	0	41	1050	0	0	0	
2021-08-04 06:33:00	3630	4	0	0	41	1050	0	0	0	
2021-08-04 06:33:00	3630	4	0	0	41	1050	0	0	0	
2021-08-04 06:34:00	3630	4	0	0	371	1050	0	0	0	
2021-08-04 06:34:00	3630	4	0	0	371	1050	0	0	0	
2021-08-04 06:34:00	3630	4	0	0	371	1050	0	0	0	
2021-08-04 06:35:00	3630	4	0	0	381	1050	0	0	0	
2021-08-04 06:35:00	3630	4	0	0	381	1050	0	0	0	
2021-08-04 06:35:00	3630	3	0	0	381	1050	0	0	0	
2021-08-04 06:36:00	3630	3	0	800	381	900	0	0	0	
2021-08-04 06:36:00	3630	3	0	800	381	900	0	0	0	
2021-08-04 06:36:00	3630	3	0	800	381	900	0	0	0	
2021-08-04 06:37:00	3630	3	0	800	392	900	0	0	0	
2021-08-04 06:37:00	3630	3	0	800	392	900	0	0	0	
2021-08-04 06:37:00	3630	3	0	800	392	900	0	0	0	
2021-08-04 06:38:00	3630	3	0	800	412	825	0	0	0	
2021-08-04 06:38:00	3630	3	0	800	402	900	0	0	0	
2021-08-04 06:38:00	3630	3	0	800	402	900	0	0	0	
2021-08-04 06:39:00	3630	4	0	800	30	900	0	0	0	
2021-08-04 06:39:00	3630	4	0	0	30	825	0	0	0	
2021-08-04 06:39:00	3630	4	0	800	30	900	0	0	0	
2021-08-04 06:40:00	3630	4	0	0	30	975	0	0	0	
2021-08-04 06:40:00	3630	4	0	0	30	975	0	0	0	
2021-08-04 06:40:00	3630	4	0	0	30	975	0	0	0	
2021-08-04 06:41:00	3630	4	0	0	30	975	0	0	0	
2021-08-04 06:41:00	3630	4	0	0	30	975	0	0	0	
2021-08-04 06:41:00	3630	4	0	0	30	975	0	0	0	
2021-08-04 06:42:00	3630	4	0	0	0	1050	0	0	0	
2021-08-04 06:42:00	3630	4	0	0	0	1050	0	0	0	
2021-08-04 06:42:00	3630	4	0	0	0	975	0	0	0	
2021-08-04 06:43:00	3630	4	0	0	41	1050	0	0	0	
2021-08-04 06:43:00	3630	4	0	0	41	1050	0	0	0	
2021-08-04 06:43:00	3630	4	0	0	41	975	0	0	0	
2021-08-04 06:44:00	3630	4	0	0	41	1050	0	0	0	
2021-08-04 06:44:00	3630	4	0	0	30	1050	0	0	0	
2021-08-04 06:44:00	3630	4	0	0	30	1050	0	0	0	
2021-08-04 06:45:00	3630	4	0	0	51	1050	0	0	0	
2021-08-04 06:45:00	3630	4	0	0	41	1050	0	0	0	
2021-08-04 06:45:00	3630	4	0	0	51	1050	0	0	0	
2021-08-04 06:46:00	3630	4	0	0	0	1050	0	0	0	
2021-08-04 06:46:00	3630	4	0	0	0	1050	0	0	0	
2021-08-04 06:46:00	3630	4	0	0	0	1050	0	0	0	
2021-08-04 06:47:00	3630	4	0	0	0	1050	0	0	0	
2021-08-04 06:47:00	3630	4	0	0	0	1050	0	0	0	
2021-08-04 06:47:00	3630	4	0	0	0	1050	0	0	0	
2021-08-04 06:48:00	3630	4	0	0	0	1050	0	0	0	
2021-08-04 06:48:00	3630	4	0	0	0	1050	0	0	0	
2021-08-04 06:48:00	3630	4	0	0	0	1050	0	0	0	
2021-08-04 06:49:00	3630	4	0	0	0	1050	0	0	0	
2021-08-04 06:49:00	3630	4	0	0	0	1050	0	0	0	
2021-08-04 06:49:00	3630	4	0	0	0	1050	0	0	0	
2021-08-04 06:50:00	3630	4	0	0	0	1050	0	0	0	
2021-08-04 06:50:00	3630	4	0	0	0	1050	0	0	0	
2021-08-04 06:50:00	3630	4	0	0	0	1050	0	0	0	
2021-08-04 06:51:00	3630	4	0	0	0	1050	0	0	0	
2021-08-04 06:51:00	3630	4	0	0	0	1050	0	0	0	
2021-08-04 06:51:00	3630	4	0	0	0	1050	0	0	0	
2021-08-04 06:52:00	3630	4	0	0	0	1050	0	0	0	
2021-08-04 06:52:00	3630	4	0	0	0	1050	0	0	0	
2021-08-04 06:52:00	3630	4	0	0	0	1050	0	0	0	
2021-08-04 06:53:00	3630	4	0	0	0	1050	0	0	0	
2021-08-04 06:53:00	3630	4	0	0	0	1050	0	0	0	
2021-08-04 06:53:00	3630	4	0	0	0	1050	0	0	0	
2021-08-04 06:54:00	3630	4	0	0	0	1050	0	0	0	
2021-08-04 06:54:00	3630	4	0	0	0	1050	0	0	0	
2021-08-04 06:54:00	3630	4	0	0	0	1050	0	0	0	
2021-08-04 06:55:00	3630	4	0	0	0	1050	0	0	0	
2021-08-04 06:55:00	3630	4	0	0	0	1050	0	0	0	
2021-08-04 06:55:00	3630	4	0	0	0	1050	0	0	0	
2021-08-04 06:56:00	3630	4	0	0	0	1050	0	0	0	
2021-08-04 06:56:00	3630	4	0	0	0	1050	0	0	0	
2021-08-04 06:56:00	3630	4	0	0	0	1050	0	0	0	
2021-08-04 06:57:00	3630	4	0	0	0	1050	0	0	0	
2021-08-04 06:57:00	3630	4	0	0	0	1050	0	0	0	
2021-08-04 06:57:00	3630	4	0	0	0	1050	0	0	0	
2021-08-04 06:58:00	3630	4	0	0	0	1050	0	0	0	
2021-08-04 06:58:00	3630	4	0	0	0	1050	0	0	0	
2021-08-04 06:58:00	3630	4	0	0	0	1050	0	0	0	
2021-08-04 06:59:00	3630	4	0	0	0	1050	0	0	0	
2021-08-04 06:59:00	3630	4	0	0	0	1050	0	0	0	
2021-08-04 06:59:00	3630	4	0	0	0	1050	0	0	0	
2021-08-04 07:00:00	3630	4	0	0	0	1050	0	0	0	
2021-08-04 07:00:00	3630	4	0	0	0	1050	0	0	0	
2021-08-04 07:00:00	3630	4	0	0	0	1050	0	0	0	
2021-08-04 07:01:00	3630	0	0	0	0	1050	0	0	0	
2021-08-04 07:01:00	0	0	0	0	0	0	0	0	0	
2021-08-04 07:01:00	0	0	0	0	0	0	0	0	0	
2021-08-04 07:02:00	3630	0	0	0	0	2100	0	0	0	
2021-08-04 07:02:00	3630	0	0	0	0	2100	0	0	0	
2021-08-04 07:02:00	0	0	0	0	0	0	0	0	0	
2021-08-04 07:03:00	3630	4	0	0	0	2100	0	0	0	
2021-08-04 07:03:00	3630	4	0	0	0	2100	0	0	0	
2021-08-04 07:03:00	3630	4	0	0	0	2100	0	0	0	
2021-08-04 07:04:00	3630	4	0	0	0	2100	0	0	0	
2021-08-04 07:04:00	3630	4	0	0	0	2100	0	0	0	
2021-08-04 07:04:00	3630	4	0	0	0	2100	0	0	0	
2021-08-04 07:05:00	3630	4	0	0	0	2100	0	0	0	
2021-08-04 07:05:00	3630	4	0	0	0	2100	0	0	0	
2021-08-04 07:05:00	3630	4	0	0	0	2100	0	0	0	
2021-08-04 07:06:00	3630	4	0	0	0	2100	0	0	0	
2021-08-04 07:06:00	3630	4	0	0	0	2100	0	0	0	
2021-08-04 07:06:00	3630	4	0	0	0	2100	0	0	0	
2021-08-04 07:07:00	3630	4	0	0	0	2100	0	0	0	
2021-08-04 07:07:00	3630	4	0	0	0	2100	0	0	0	
2021-08-04 07:07:00	3630	4	0	0	0	2100	0	0	0	
2021-08-04 07:08:00	3630	4	0	0	0	2100	0	0	0	
2021-08-04 07:08:00	3630	4	0	0	0	2100	0	0	0	
2021-08-04 07:08:00	3630	4	0	0	0	2100	0	0	0	
2021-08-04 07:09:00	3630	4	0	0	0	2100	0	0	0	
2021-08-04 07:09:00	3630	4	0	0	0	2100	0	0	0	
2021-08-04 07:09:00	3630	4	0	0	0	2100	0	0	0	
2021-08-04 07:10:00	3630	4	0	0	0	2100	0	0	0	
2021-08-04 07:10:00	3630	4	0	0	0	2100	0	0	0	
2021-08-04 07:10:00	3630	4	0	0	0	2100	0	0	0	
2021-08-04 07:11:00	3630	4	0	0	41	2100	0	0	0	
2021-08-04 07:11:00	3630	4	0	0	30	2100	0	0	0	
2021-08-04 07:11:00	3630	4	0	0	41	2100	0	0	0	
2021-08-04 07:12:00	3630	4	0	0	402	2100	0	0	0	
2021-08-04 07:12:00	3630	4	0	0	402	2100	0	0	0	
2021-08-04 07:12:00	3630	4	0	0	402	2100	0	0	0	
2021-08-04 07:13:00	3630	4	0	0	361	2100	0	0	0	
2021-08-04 07:13:00	3630	4	0	0	361	2100	0	0	0	
2021-08-04 07:13:00	3630	4	0	0	350	2100	0	0	0	
2021-08-04 07:14:00	3630	3	0	800	361	1950	0	0	0	
2021-08-04 07:14:00	3630	4	0	0	361	2100	0	0	0	
2021-08-04 07:14:00	3630	3	0	800	361	1950	0	0	0	
2021-08-04 07:15:00	3630	3	0	800	371	1950	0	0	0	
2021-08-04 07:15:00	3630	3	0	0	371	2100	0	0	0	
2021-08-04 07:15:00	3630	3	0	800	371	1800	0	0	0	
2021-08-04 07:16:00	3630	3	0	800	371	1800	0	0	0	
2021-08-04 07:16:00	3630	3	0	800	381	1800	0	0	0	
2021-08-04 07:16:00	3630	3	0	800	371	1950	0	0	0	
2021-08-04 07:17:00	3630	3	0	800	371	1800	0	0	0	
2021-08-04 07:17:00	3630	3	0	800	381	1800	0	0	0	
2021-08-04 07:17:00	3630	3	0	800	381	1950	0	0	0	
2021-08-04 07:18:00	3630	3	0	800	381	1725	0	0	0	
2021-08-04 07:18:00	3630	3	0	800	392	1725	0	0	0	
2021-08-04 07:18:00	3630	3	0	800	392	1950	0	0	0	
2021-08-04 07:19:00	3630	3	0	800	381	1950	0	0	0	
2021-08-04 07:19:00	3630	3	0	800	392	1725	0	0	0	
2021-08-04 07:19:00	3630	3	0	800	392	1725	0	0	0	
2021-08-04 07:20:00	3630	3	0	800	392	1950	0	0	0	
2021-08-04 07:20:00	3630	3	0	800	392	1725	0	0	0	
2021-08-04 07:20:00	3630	3	0	800	392	1725	0	0	0	
2021-08-04 07:21:00	3630	3	0	800	392	1725	0	0	0	
2021-08-04 07:21:00	3630	3	0	800	392	1725	0	0	0	
2021-08-04 07:21:00	3630	3	0	800	392	1725	0	0	0	
2021-08-04 07:22:00	3630	3	0	800	392	1725	0	0	0	
2021-08-04 07:22:00	3630	3	0	800	392	1725	0	0	0	
2021-08-04 07:22:00	3630	3	0	800	392	1725	0	0	0	
2021-08-04 07:23:00	3630	3	0	800	392	1725	0	0	0	
2021-08-04 07:23:00	3630	3	0	800	392	1725	0	0	0	
2021-08-04 07:23:00	3630	3	0	800	392	1725	0	0	0	
2021-08-04 07:24:00	3630	3	0	800	392	1725	0	0	0	
2021-08-04 07:24:00	3630	3	0	800	392	1575	0	0	0	
2021-08-04 07:24:00	3630	3	0	800	392	1575	0	0	0	
2021-08-04 07:25:00	3630	3	0	800	392	1575	0	0	0	
2021-08-04 07:25:00	3630	3	0	800	392	1575	0	0	0	
2021-08-04 07:25:00	3630	3	0	800	392	1575	0	0	0	
2021-08-04 07:26:00	3630	3	0	800	392	1575	0	0	0	
2021-08-04 07:26:00	3630	3	0	800	392	1575	0	0	0	
2021-08-04 07:26:00	3630	3	0	800	392	1575	0	0	0	
2021-08-04 07:27:00	3630	3	0	800	392	1575	0	0	0	
2021-08-04 07:27:00	3630	3	0	800	392	1575	0	0	0	
2021-08-04 07:27:00	3630	3	0	800	392	1575	0	0	0	
2021-08-04 07:28:00	3630	3	0	800	392	1575	0	0	0	
2021-08-04 07:28:00	3630	3	0	800	392	1575	0	0	0	
2021-08-04 07:28:00	3630	3	0	800	392	1575	0	0	0	
2021-08-04 07:29:00	3630	3	0	800	392	1575	0	0	0	
2021-08-04 07:29:00	3630	3	0	800	402	1575	0	0	0	
2021-08-04 07:29:00	3630	3	0	800	392	1575	0	0	0	
2021-08-04 07:30:00	3630	3	0	800	392	1575	0	0	0	
2021-08-04 07:30:00	3630	3	0	800	392	1575	0	0	0	
2021-08-04 07:30:00	3630	3	0	800	402	1575	0	0	0	
2021-08-04 07:31:00	3630	3	0	800	392	1575	0	0	0	
2021-08-04 07:31:00	3630	3	0	800	392	1575	0	0	0	
2021-08-04 07:31:00	3630	3	0	800	402	1575	0	0	0	
2021-08-04 07:32:00	3630	3	0	800	402	1575	0	0	0	
2021-08-04 07:32:00	3630	3	0	800	392	1575	0	0	0	
2021-08-04 07:32:00	3630	3	0	800	402	1575	0	0	0	
2021-08-04 07:33:00	3630	3	0	800	402	1575	0	0	0	
2021-08-04 07:33:00	3630	3	0	800	402	1575	0	0	0	
2021-08-04 07:33:00	3630	3	0	800	402	1500	0	0	0	
2021-08-04 07:34:00	3630	3	0	800	392	1500	0	0	0	
2021-08-04 07:34:00	3630	3	0	800	402	1500	0	0	0	
2021-08-04 07:34:00	3630	3	0	800	392	1500	0	0	0	
2021-08-04 07:35:00	3630	3	0	800	392	1425	0	0	0	
2021-08-04 07:35:00	3630	3	0	800	402	1425	0	0	0	
2021-08-04 07:35:00	3630	3	0	800	392	1500	0	0	0	
2021-08-04 07:36:00	3630	3	0	800	402	1425	0	0	0	
2021-08-04 07:36:00	3630	3	0	800	402	1350	0	0	0	
2021-08-04 07:36:00	3630	3	0	800	402	1500	0	0	0	
2021-08-04 07:37:00	3630	3	0	800	402	1350	0	0	0	
2021-08-04 07:37:00	3630	3	0	800	402	1350	0	0	0	
2021-08-04 07:37:00	3630	3	0	800	402	1350	0	0	0	
2021-08-04 07:38:00	3630	3	0	800	402	1350	0	0	0	
2021-08-04 07:38:00	3630	3	0	800	402	1350	0	0	0	
2021-08-04 07:38:00	3630	3	0	800	402	1350	0	0	0	
2021-08-04 07:39:00	3630	3	0	800	402	1350	0	0	0	
2021-08-04 07:39:00	3630	3	0	800	402	1350	0	0	0	
2021-08-04 07:39:00	3630	3	0	800	402	1350	0	0	0	
2021-08-04 07:40:00	3630	3	0	800	402	1350	0	0	0	
2021-08-04 07:40:00	3630	3	0	800	402	1350	0	0	0	
2021-08-04 07:40:00	3630	3	0	800	402	1350	0	0	0	
2021-08-04 07:41:00	3630	3	0	800	402	1350	0	0	0	
2021-08-04 07:41:00	3630	3	0	800	402	1350	0	0	0	
2021-08-04 07:41:00	3630	3	0	800	402	1350	0	0	0	
2021-08-04 07:42:00	3630	3	0	800	402	1350	0	0	0	
2021-08-04 07:42:00	3630	3	0	800	402	1350	0	0	0	
2021-08-04 07:42:00	3630	3	0	800	402	1350	0	0	0	
2021-08-04 07:43:00	3630	3	0	800	402	1350	0	0	0	
2021-08-04 07:43:00	3630	3	0	800	402	1350	0	0	0	
2021-08-04 07:43:00	3630	3	0	800	402	1350	0	0	0	
2021-08-04 07:44:00	3630	3	0	800	402	1350	0	0	0	
2021-08-04 07:44:00	3630	3	0	800	402	1350	0	0	0	
2021-08-04 07:44:00	3630	3	0	800	402	1350	0	0	0	
2021-08-04 07:45:00	3630	3	0	800	402	1275	0	0	0	
2021-08-04 07:45:00	3630	3	0	800	402	1275	0	0	0	
2021-08-04 07:45:00	3630	3	0	800	402	1350	0	0	0	
2021-08-04 07:46:00	3630	3	0	800	402	1275	0	0	0	
2021-08-04 07:46:00	3630	3	0	800	402	1275	0	0	0	
2021-08-04 07:46:00	3630	3	0	800	402	1350	0	0	0	
2021-08-04 07:47:00	3630	3	0	800	402	1275	0	0	0	
2021-08-04 07:47:00	3630	3	0	800	402	1275	0	0	0	
2021-08-04 07:47:00	3630	3	0	800	402	1275	0	0	0	
2021-08-04 07:48:00	3630	3	0	800	402	1200	0	0	0	
2021-08-04 07:48:00	3630	3	0	800	402	1200	0	0	0	
2021-08-04 07:48:00	3630	3	0	800	402	1200	0	0	0	
2021-08-04 07:49:00	3630	3	0	800	402	1200	0	0	0	
2021-08-04 07:49:00	3630	3	0	800	402	1200	0	0	0	
2021-08-04 07:49:00	3630	3	0	800	402	1200	0	0	0	
2021-08-04 07:50:00	3630	3	0	800	402	1200	0	0	0	
2021-08-04 07:50:00	3630	3	0	800	412	1200	0	0	0	
2021-08-04 07:50:00	3630	3	0	800	412	1200	0	0	0	
2021-08-04 07:51:00	3630	3	0	800	402	1200	0	0	0	
2021-08-04 07:51:00	3630	3	0	800	402	1200	0	0	0	
2021-08-04 07:51:00	3630	3	0	800	412	1125	0	0	0	
2021-08-04 07:52:00	3630	3	0	800	412	1200	0	0	0	
2021-08-04 07:52:00	3630	3	0	800	402	1125	0	0	0	
2021-08-04 07:52:00	3630	3	0	800	402	1125	0	0	0	
2021-08-04 07:53:00	3630	3	0	800	412	1125	0	0	0	
2021-08-04 07:53:00	3630	3	0	800	402	1125	0	0	0	
2021-08-04 07:53:00	3630	3	0	800	412	1200	0	0	0	
2021-08-04 07:54:00	3630	3	0	800	412	1125	0	0	0	
2021-08-04 07:54:00	3630	3	0	800	412	1125	0	0	0	
2021-08-04 07:54:00	3630	3	0	800	402	1200	0	0	0	
2021-08-04 07:55:00	3630	3	0	800	402	1125	0	0	0	
2021-08-04 07:55:00	3630	3	0	800	402	1125	0	0	0	
2021-08-04 07:55:00	3630	3	0	800	412	1125	0	0	0	
2021-08-04 07:56:00	3630	3	0	800	412	1125	0	0	0	
2021-08-04 07:56:00	3630	3	0	800	423	1125	0	0	0	
2021-08-04 07:56:00	3630	3	0	800	412	1125	0	0	0	
2021-08-04 07:57:00	3630	3	0	800	412	1125	0	0	0	
2021-08-04 07:57:00	3630	3	0	800	412	1125	0	0	0	
2021-08-04 07:57:00	3630	3	0	800	412	1125	0	0	0	
2021-08-04 07:58:00	3630	3	0	800	412	1125	0	0	0	
2021-08-04 07:58:00	3630	3	0	800	412	1050	0	0	0	
2021-08-04 07:58:00	3630	3	0	800	412	1125	0	0	0	
2021-08-04 07:59:00	3630	3	0	800	412	1050	0	0	0	
2021-08-04 07:59:00	3630	3	0	800	412	1125	0	0	0	
2021-08-04 07:59:00	3630	3	0	800	412	1050	0	0	0	
2021-08-04 08:00:00	3630	3	0	800	412	1125	0	0	0	
2021-08-04 08:00:00	3630	3	0	800	412	1050	0	0	0	
2021-08-04 08:00:00	3630	3	0	800	412	1050	0	0	0	
2021-08-04 08:01:00	3630	3	0	800	412	1050	0	0	0	
2021-08-04 08:01:00	3630	3	0	800	412	1050	0	0	0	
2021-08-04 08:01:00	3630	3	0	800	412	1050	0	0	0	
2021-08-04 08:02:00	3630	3	0	800	412	1050	0	0	0	
2021-08-04 08:02:00	3630	3	0	800	412	1050	0	0	0	
2021-08-04 08:02:00	3630	3	0	800	412	1050	0	0	0	
2021-08-04 08:03:00	3630	3	0	800	412	975	0	0	0	
2021-08-04 08:03:00	3630	3	0	800	412	975	0	0	0	
2021-08-04 08:03:00	3630	3	0	800	412	1050	0	0	0	
2021-08-04 08:04:00	3630	3	0	800	412	975	0	0	0	
2021-08-04 08:04:00	3630	3	0	800	412	975	0	0	0	
2021-08-04 08:04:00	3630	3	0	800	412	975	0	0	0	
2021-08-04 08:05:00	3630	3	0	800	412	975	0	0	0	
2021-08-04 08:05:00	3630	3	0	800	412	825	0	0	0	
2021-08-04 08:05:00	3630	3	0	800	402	825	0	0	0	
2021-08-04 08:06:00	3630	3	0	800	412	825	0	0	0	
2021-08-04 08:06:00	3630	3	0	800	412	825	0	0	0	
2021-08-04 08:06:00	3630	3	0	800	412	825	0	0	0	
2021-08-04 08:07:00	3630	3	0	800	412	825	0	0	0	
2021-08-04 08:07:00	3630	3	0	800	412	825	0	0	0	
2021-08-04 08:07:00	3630	3	0	800	412	825	0	0	0	
2021-08-04 08:08:00	3630	3	0	800	423	825	0	0	0	
2021-08-04 08:08:00	3630	3	0	800	423	825	0	0	0	
2021-08-04 08:08:00	3630	3	0	800	423	825	0	0	0	
2021-08-04 08:09:00	3630	3	0	800	412	825	0	0	0	
2021-08-04 08:09:00	3630	3	0	800	412	825	0	0	0	
2021-08-04 08:09:00	3630	3	0	800	412	825	0	0	0	
2021-08-04 08:10:00	3630	3	0	800	412	825	0	0	0	
2021-08-04 08:10:00	3630	3	0	800	423	825	0	0	0	
2021-08-04 08:10:00	3630	3	0	800	423	825	0	0	0	
2021-08-04 08:11:00	3630	3	0	800	412	825	0	0	0	
2021-08-04 08:11:00	3630	3	0	800	412	825	0	0	0	
2021-08-04 08:11:00	3630	3	0	800	423	825	0	0	0	
2021-08-04 08:12:00	3630	3	0	800	423	825	0	0	0	
2021-08-04 08:12:00	3630	3	0	800	412	825	0	0	0	
2021-08-04 08:12:00	3630	3	0	800	423	825	0	0	0	
2021-08-04 08:13:00	3630	3	0	800	412	825	0	0	0	
2021-08-04 08:13:00	3630	3	0	800	412	825	0	0	0	
2021-08-04 08:13:00	3630	3	0	800	412	825	0	0	0	
2021-08-04 08:14:00	3630	3	0	800	423	825	0	0	0	
2021-08-04 08:14:00	3630	3	0	800	423	825	0	0	0	
2021-08-04 08:14:00	3630	3	0	800	423	825	0	0	0	
2021-08-04 08:15:00	3630	3	0	800	412	825	0	0	0	
2021-08-04 08:15:00	3630	3	0	800	412	825	0	0	0	
2021-08-04 08:15:00	3630	3	0	800	423	825	0	0	0	
2021-08-04 08:16:00	3630	3	0	800	412	825	0	0	0	
2021-08-04 08:16:00	3630	3	0	800	423	825	0	0	0	
2021-08-04 08:16:00	3630	3	0	800	423	825	0	0	0	
2021-08-04 08:17:00	3630	3	0	800	423	750	0	0	0	
2021-08-04 08:17:00	3630	3	0	800	423	750	0	0	0	
2021-08-04 08:17:00	3630	3	0	800	423	825	0	0	0	
2021-08-04 08:18:00	3630	3	0	800	423	675	0	0	0	
2021-08-04 08:18:00	3630	3	0	800	423	825	0	0	0	
2021-08-04 08:18:00	3630	3	0	800	423	675	0	0	0	
2021-08-04 08:19:00	3630	3	0	800	423	825	0	0	0	
2021-08-04 08:19:00	3630	3	0	800	423	675	0	0	0	
2021-08-04 08:19:00	3630	3	0	800	423	675	0	0	0	
2021-08-04 08:20:00	3630	3	0	800	423	675	0	0	0	
2021-08-04 08:20:00	3630	3	0	800	423	675	0	0	0	
2021-08-04 08:20:00	3630	3	0	800	433	675	0	0	0	
2021-08-04 08:21:00	3630	3	0	800	423	675	0	0	0	
2021-08-04 08:21:00	3630	3	0	800	423	675	0	0	0	
2021-08-04 08:21:00	3630	3	0	800	423	675	0	0	0	
2021-08-04 08:22:00	3630	3	0	800	423	675	0	0	0	
2021-08-04 08:22:00	3630	3	0	800	423	675	0	0	0	
2021-08-04 08:22:00	3630	3	0	800	423	675	0	0	0	
2021-08-04 08:23:00	3630	3	0	800	423	675	0	0	0	
2021-08-04 08:23:00	3630	3	0	800	423	675	0	0	0	
2021-08-04 08:23:00	3630	3	0	800	423	675	0	0	0	
2021-08-04 08:24:00	3630	3	0	800	423	675	0	0	0	
2021-08-04 08:24:00	3630	3	0	800	433	675	0	0	0	
2021-08-04 08:24:00	3630	3	0	800	423	675	0	0	0	
2021-08-04 08:25:00	3630	3	0	800	423	675	0	0	0	
2021-08-04 08:25:00	3630	3	0	800	433	675	0	0	0	
2021-08-04 08:25:00	3630	3	0	800	433	675	0	0	0	
2021-08-04 08:26:00	3630	3	0	800	423	675	0	0	0	
2021-08-04 08:26:00	3630	3	0	800	423	675	0	0	0	
2021-08-04 08:26:00	3630	3	0	800	423	675	0	0	0	
2021-08-04 08:27:00	3630	3	0	800	433	675	0	0	0	
2021-08-04 08:27:00	3630	3	0	800	433	675	0	0	0	
2021-08-04 08:27:00	3630	3	0	800	423	675	0	0	0	
2021-08-04 08:28:00	3630	3	0	800	423	600	0	0	0	
2021-08-04 08:28:00	3630	3	0	800	433	675	0	0	0	
2021-08-04 08:28:00	3630	3	0	800	423	675	0	0	0	
2021-08-04 08:29:00	3630	3	0	800	423	675	0	0	0	
2021-08-04 08:29:00	3630	3	0	800	433	600	0	0	0	
2021-08-04 08:29:00	3630	3	0	800	433	600	0	0	0	
2021-08-04 08:30:00	3630	3	0	800	423	600	0	0	0	
2021-08-04 08:30:00	3630	3	0	800	433	600	0	0	0	
2021-08-04 08:30:00	3630	3	0	800	433	600	0	0	0	
2021-08-04 08:31:00	3630	3	0	800	423	600	0	0	0	
2021-08-04 08:31:00	3630	3	0	800	433	600	0	0	0	
2021-08-04 08:31:00	3630	3	0	800	433	600	0	0	0	
2021-08-04 08:32:00	3630	3	0	800	423	525	0	0	0	
2021-08-04 08:32:00	3630	3	0	800	433	600	0	0	0	
2021-08-04 08:32:00	3630	3	0	800	433	525	0	0	0	
2021-08-04 08:33:00	3630	3	0	800	433	450	0	0	0	
2021-08-04 08:33:00	3630	3	0	800	433	525	0	0	0	
2021-08-04 08:33:00	3630	3	0	800	433	525	0	0	0	
2021-08-04 08:34:00	3630	3	0	800	433	450	0	0	0	
2021-08-04 08:34:00	3630	3	0	800	433	525	0	0	0	
2021-08-04 08:34:00	3630	3	0	800	433	450	0	0	0	
2021-08-04 08:35:00	3630	3	0	800	433	525	0	0	0	
2021-08-04 08:35:00	3630	3	0	800	433	450	0	0	0	
2021-08-04 08:35:00	3630	3	0	800	423	450	0	0	0	
2021-08-04 08:36:00	3630	3	0	800	433	525	0	0	0	
2021-08-04 08:36:00	3630	3	0	800	433	450	0	0	0	
2021-08-04 08:36:00	3630	3	0	800	433	450	0	0	0	
2021-08-04 08:37:00	3630	3	0	800	433	525	0	0	0	
2021-08-04 08:37:00	3630	3	0	800	433	450	0	0	0	
2021-08-04 08:37:00	3630	3	0	800	433	450	0	0	0	
2021-08-04 08:38:00	3630	3	0	800	433	525	0	0	0	
2021-08-04 08:38:00	3630	3	0	800	433	300	0	0	0	
2021-08-04 08:38:00	3630	3	0	800	433	300	0	0	0	
2021-08-04 08:39:00	3630	3	0	800	443	300	0	0	0	
2021-08-04 08:39:00	3630	3	0	800	433	300	0	0	0	
2021-08-04 08:39:00	3630	3	0	800	433	300	0	0	0	
2021-08-04 08:40:00	3630	3	0	800	433	300	0	0	0	
2021-08-04 08:40:00	3630	3	0	800	433	300	0	0	0	
2021-08-04 08:40:00	3630	3	0	800	433	300	0	0	0	
2021-08-04 08:41:00	3630	3	0	800	433	300	0	0	0	
2021-08-04 08:41:00	3630	3	0	800	433	300	0	0	0	
2021-08-04 08:41:00	3630	3	0	800	443	300	0	0	0	
2021-08-04 08:42:00	3630	3	0	800	433	300	0	0	0	
2021-08-04 08:42:00	3630	3	0	800	433	300	0	0	0	
2021-08-04 08:42:00	3630	3	0	800	443	300	0	0	0	
2021-08-04 08:43:00	3630	3	0	800	443	300	0	0	0	
2021-08-04 08:43:00	3630	3	0	800	433	300	0	0	0	
2021-08-04 08:43:00	3630	3	0	800	433	300	0	0	0	
2021-08-04 08:44:00	3630	3	0	800	433	300	0	0	0	
2021-08-04 08:44:00	3630	3	0	800	433	300	0	0	0	
2021-08-04 08:44:00	3630	3	0	800	433	300	0	0	0	
2021-08-04 08:45:00	3630	3	0	800	433	300	0	0	0	
2021-08-04 08:45:00	3630	3	0	800	433	300	0	0	0	
2021-08-04 08:45:00	3630	3	0	800	433	300	0	0	0	
2021-08-04 08:46:00	3630	3	0	800	433	300	0	0	0	
2021-08-04 08:46:00	3630	3	0	800	443	300	0	0	0	
2021-08-04 08:46:00	3630	3	0	800	433	300	0	0	0	
2021-08-04 08:47:00	3630	3	0	800	433	225	0	0	0	
2021-08-04 08:47:00	3630	3	0	800	443	225	0	0	0	
2021-08-04 08:47:00	3630	3	0	800	433	225	0	0	0	
2021-08-04 08:48:00	3630	3	0	800	433	225	0	0	0	
2021-08-04 08:48:00	3630	3	0	800	433	225	0	0	0	
2021-08-04 08:48:00	3630	3	0	800	433	225	0	0	0	
2021-08-04 08:49:00	3630	3	0	800	433	75	0	0	0	
2021-08-04 08:49:00	3630	3	0	800	443	75	0	0	0	
2021-08-04 08:49:00	3630	3	0	800	443	75	0	0	0	
2021-08-04 08:50:00	3630	3	0	800	443	75	0	0	0	
2021-08-04 08:50:00	3630	3	0	800	433	75	0	0	0	
2021-08-04 08:50:00	3630	3	0	800	443	75	0	0	0	
2021-08-04 08:51:00	3630	3	0	800	443	75	0	0	0	
2021-08-04 08:51:00	3630	3	0	800	443	75	0	0	0	
2021-08-04 08:51:00	3630	3	0	800	433	75	0	0	0	
2021-08-04 08:52:00	3630	3	0	800	443	75	0	0	0	
2021-08-04 08:52:00	3630	3	0	800	443	75	0	0	0	
2021-08-04 08:52:00	3630	3	0	800	433	75	0	0	0	
2021-08-04 08:53:00	3630	3	0	800	433	75	0	0	0	
2021-08-04 08:53:00	3630	3	0	800	433	75	0	0	0	
2021-08-04 08:53:00	3630	3	0	800	443	75	0	0	0	
2021-08-04 08:54:00	3630	3	0	800	443	75	0	0	0	
2021-08-04 08:54:00	3630	3	0	800	443	75	0	0	0	
2021-08-04 08:54:00	3630	3	0	800	433	75	0	0	0	
2021-08-04 08:55:00	3630	3	0	800	443	75	0	0	0	
2021-08-04 08:55:00	3630	3	0	800	443	75	0	0	0	
2021-08-04 08:55:00	3630	3	0	800	443	75	0	0	0	
2021-08-04 08:56:00	3630	3	0	800	443	75	0	0	0	
2021-08-04 08:56:00	3630	3	0	800	443	75	0	0	0	
2021-08-04 08:56:00	3630	3	0	800	443	75	0	0	0	
2021-08-04 08:57:00	3630	3	0	800	443	75	0	0	0	
2021-08-04 08:57:00	3630	3	0	800	433	75	0	0	0	
2021-08-04 08:57:00	3630	3	0	800	443	75	0	0	0	
2021-08-04 08:58:00	3630	3	0	800	443	75	0	0	0	
2021-08-04 08:58:00	3630	3	0	800	443	75	0	0	0	
2021-08-04 08:58:00	3630	3	0	800	443	75	0	0	0	
2021-08-04 08:59:00	3630	3	0	800	443	75	0	0	0	
2021-08-04 08:59:00	3630	3	0	800	443	75	0	0	0	
2021-08-04 08:59:00	3630	3	0	800	454	75	0	0	0	
2021-08-04 09:00:00	3630	3	0	800	443	0	0	0	0	
2021-08-04 09:00:00	3630	3	0	800	443	0	0	0	0	
2021-08-04 09:00:00	3630	3	0	800	443	0	0	0	0	
2021-08-04 09:01:00	3630	3	0	800	443	0	0	0	0	
2021-08-04 09:01:00	3630	3	0	800	443	0	0	0	0	
2021-08-04 09:01:00	3630	3	0	800	443	0	0	0	0	
2021-08-04 09:02:00	3630	3	0	800	443	0	0	0	0	
2021-08-04 09:02:00	3630	3	0	800	443	0	0	0	0	
2021-08-04 09:02:00	3630	3	0	800	443	0	0	0	0	
2021-08-04 09:03:00	3630	3	0	800	443	0	0	0	0	
2021-08-04 09:03:00	3630	3	0	800	443	0	0	0	0	
2021-08-04 09:03:00	3630	3	0	800	443	0	0	0	0	
2021-08-04 09:04:00	3630	3	0	800	443	0	0	0	0	
2021-08-04 09:04:00	3630	3	0	800	443	0	0	0	0	
2021-08-04 09:04:00	3630	3	0	800	443	0	0	0	0	
2021-08-04 09:05:00	3630	3	0	800	443	0	0	0	0	
2021-08-04 09:05:00	3630	3	0	800	443	0	0	0	0	
2021-08-04 09:05:00	3630	3	0	800	443	0	0	0	0	
2021-08-04 09:06:00	3630	3	0	800	443	0	0	0	0	
2021-08-04 09:06:00	3630	3	0	800	443	0	0	0	0	
2021-08-04 09:06:00	3630	3	0	800	443	0	0	0	0	
2021-08-04 09:07:00	3630	3	0	800	443	0	0	0	0	
2021-08-04 09:07:00	3630	3	0	800	443	0	0	0	0	
2021-08-04 09:07:00	3630	3	0	800	443	0	0	0	0	
2021-08-04 09:08:00	3630	3	0	800	443	0	0	0	0	
2021-08-04 09:08:00	3630	3	0	800	443	0	0	0	0	
2021-08-04 09:08:00	3630	3	0	800	443	0	0	0	0	
2021-08-04 09:09:00	3630	3	0	800	443	0	0	0	0	
2021-08-04 09:09:00	3630	3	0	800	454	0	0	0	0	
2021-08-04 09:09:00	3630	3	0	800	454	0	0	0	0	
2021-08-04 09:10:00	3630	3	0	800	454	0	0	0	0	
2021-08-04 09:10:00	3630	3	0	800	454	0	0	0	0	
2021-08-04 09:10:00	3630	3	0	800	443	0	0	0	0	
2021-08-04 09:11:00	3630	3	0	800	443	0	0	0	0	
2021-08-04 09:11:00	3630	3	0	800	443	0	0	0	0	
2021-08-04 09:11:00	3630	3	0	800	443	0	0	0	0	
2021-08-04 09:12:00	3630	3	0	800	454	0	0	0	0	
2021-08-04 09:12:00	3630	3	0	800	454	0	0	0	0	
2021-08-04 09:12:00	3630	3	0	800	443	0	0	0	0	
2021-08-04 09:13:00	3630	3	0	800	454	0	0	0	0	
2021-08-04 09:13:00	3630	3	0	800	454	0	0	0	0	
2021-08-04 09:13:00	3630	3	0	800	454	0	0	0	0	
2021-08-04 09:14:00	3630	3	0	800	454	0	0	0	0	
2021-08-04 09:14:00	3630	3	0	800	454	0	0	0	0	
2021-08-04 09:14:00	3630	3	0	800	454	0	0	0	0	
2021-08-04 09:15:00	3630	3	0	800	454	0	0	0	0	
2021-08-04 09:15:00	3630	3	0	800	454	0	0	0	0	
2021-08-04 09:15:00	3630	3	0	800	454	0	0	0	0	
2021-08-04 09:16:00	3630	3	0	800	454	0	0	0	0	
2021-08-04 09:16:00	3630	3	0	800	454	0	0	0	0	
2021-08-04 09:16:00	3630	3	0	800	454	0	0	0	0	
2021-08-04 09:17:00	3630	3	0	800	454	0	0	0	0	
2021-08-04 09:17:00	3630	3	0	800	454	0	0	0	0	
2021-08-04 09:17:00	3630	3	0	800	454	0	0	0	0	
2021-08-04 09:18:00	3630	3	0	800	454	0	0	0	0	
2021-08-04 09:18:00	3630	3	0	800	454	0	0	0	0	
2021-08-04 09:18:00	3630	3	0	800	454	0	0	0	0	
2021-08-04 09:19:00	3630	3	0	800	454	0	0	0	0	
2021-08-04 09:19:00	3630	3	0	800	454	0	0	0	0	
2021-08-04 09:19:00	3630	3	0	800	454	0	0	0	0	
2021-08-04 09:20:00	3630	3	0	800	464	0	0	0	0	
2021-08-04 09:20:00	3630	3	0	800	454	0	0	0	0	
2021-08-04 09:20:00	3630	3	0	800	454	0	0	0	0	
2021-08-04 09:21:00	3630	3	0	800	454	0	0	0	0	
2021-08-04 09:21:00	3630	3	0	800	464	0	0	0	0	
2021-08-04 09:21:00	3630	3	0	800	454	0	0	0	0	
2021-08-04 09:22:00	3630	3	0	800	454	0	0	0	0	
2021-08-04 09:22:00	3630	3	0	800	454	0	0	0	0	
2021-08-04 09:22:00	3630	3	0	800	464	0	0	0	0	
2021-08-04 09:23:00	3630	3	0	800	464	0	0	0	0	
2021-08-04 09:23:00	3630	3	0	800	454	0	0	0	0	
2021-08-04 09:23:00	3630	3	0	800	464	0	0	0	0	
2021-08-04 09:24:00	3630	4	0	0	41	0	0	0	0	
2021-08-04 09:24:00	3630	4	0	800	30	0	0	0	0	
2021-08-04 09:24:00	3630	4	0	0	30	0	0	0	0	
2021-08-04 09:25:00	3630	4	0	0	30	0	0	0	0	
2021-08-04 09:25:00	3630	4	0	0	30	0	0	0	0	
2021-08-04 09:25:00	3630	4	0	0	41	0	0	0	0	
2021-08-04 09:26:00	3630	4	0	0	41	0	0	0	0	
2021-08-04 09:26:00	3630	4	0	0	30	0	0	0	0	
2021-08-04 09:26:00	3630	4	0	0	30	0	0	0	0	
2021-08-04 09:27:00	3630	4	0	0	41	0	0	0	0	
2021-08-04 09:27:00	3630	4	0	0	30	0	0	0	0	
2021-08-04 09:27:00	3630	4	0	0	41	0	0	0	0	
2021-08-04 09:28:00	3630	4	0	0	485	0	0	0	0	
2021-08-04 09:28:00	3630	4	0	0	495	0	0	0	0	
2021-08-04 09:28:00	3630	4	0	0	505	0	0	0	0	
2021-08-04 09:29:00	3630	4	0	0	433	0	0	0	0	
2021-08-04 09:29:00	3630	4	0	0	443	0	0	0	0	
2021-08-04 09:29:00	3630	4	0	0	433	0	0	0	0	
2021-08-04 09:30:00	3630	3	0	800	454	0	0	0	0	
2021-08-04 09:30:00	3630	4	0	0	443	0	0	0	0	
2021-08-04 09:30:00	3630	3	0	800	443	0	0	0	0	
2021-08-04 09:31:00	3630	3	0	800	433	0	0	0	0	
2021-08-04 09:31:00	3630	3	0	0	443	0	0	0	0	
2021-08-04 09:31:00	3630	3	0	800	443	0	0	0	0	
2021-08-04 09:32:00	3630	3	0	800	41	0	0	0	0	
2021-08-04 09:32:00	3630	3	0	0	41	0	0	0	0	
2021-08-04 09:32:00	3630	4	0	800	51	0	0	0	0	
2021-08-04 09:33:00	3630	4	0	0	41	0	0	0	0	
2021-08-04 09:33:00	3630	4	0	0	30	0	0	0	0	
2021-08-04 09:33:00	3630	4	0	0	30	0	0	0	0	
2021-08-04 09:34:00	3630	4	0	0	30	0	0	0	0	
2021-08-04 09:34:00	3630	4	0	0	41	0	0	0	0	
2021-08-04 09:34:00	3630	4	0	0	41	0	0	0	0	
2021-08-04 09:35:00	3630	4	0	0	41	0	0	0	0	
2021-08-04 09:35:00	3630	4	0	0	41	0	0	0	0	
2021-08-04 09:35:00	3630	4	0	0	41	0	0	0	0	
2021-08-04 09:36:00	3630	4	0	0	41	0	0	0	0	
2021-08-04 09:36:00	3630	4	0	0	41	0	0	0	0	
2021-08-04 09:36:00	3630	4	0	0	41	0	0	0	0	
2021-08-04 09:37:00	3630	4	0	0	423	0	0	0	0	
2021-08-04 09:37:00	3630	4	0	0	423	0	0	0	0	
2021-08-04 09:37:00	3630	4	0	0	423	0	0	0	0	
2021-08-04 09:38:00	3630	3	0	0	423	0	0	0	0	
2021-08-04 09:38:00	3630	4	0	0	412	0	0	0	0	
2021-08-04 09:38:00	3630	4	0	0	423	0	0	0	0	
2021-08-04 09:39:00	3630	3	0	800	423	0	0	0	0	
2021-08-04 09:39:00	3630	3	0	800	423	0	0	0	0	
2021-08-04 09:39:00	3630	3	0	800	423	0	0	0	0	
2021-08-04 09:40:00	3630	3	0	800	423	0	0	0	0	
2021-08-04 09:40:00	3630	3	0	800	423	0	0	0	0	
2021-08-04 09:40:00	3630	3	0	800	433	0	0	0	0	
2021-08-04 09:41:00	3630	4	0	800	41	0	0	0	0	
2021-08-04 09:41:00	3630	4	0	800	41	0	0	0	0	
2021-08-04 09:41:00	3630	4	0	800	41	0	0	0	0	
2021-08-04 09:42:00	3630	4	0	0	41	0	0	0	0	
2021-08-04 09:42:00	3630	4	0	0	30	0	0	0	0	
2021-08-04 09:42:00	3630	4	0	0	30	0	0	0	0	
2021-08-04 09:43:00	3630	4	0	0	30	0	0	0	0	
2021-08-04 09:43:00	3630	4	0	0	30	0	0	0	0	
2021-08-04 09:43:00	3630	4	0	0	41	0	0	0	0	
